{"C:\\Users\\USER\\Desktop\\E-commerce-Riwi-SportsLine\\riwi-sportsline\\src\\app.controller.ts": {"path":"C:\\Users\\USER\\Desktop\\E-commerce-Riwi-SportsLine\\riwi-sportsline\\src\\app.controller.ts","statementMap":{"0":{"start":{"line":1,"column":0},"end":{"line":1,"column":49}},"1":{"start":{"line":2,"column":0},"end":{"line":2,"column":43}},"2":{"start":{"line":5,"column":7},"end":{"line":12,"column":null}},"3":{"start":{"line":6,"column":31},"end":{"line":6,"column":43}},"4":{"start":{"line":10,"column":4},"end":{"line":10,"column":38}},"5":{"start":{"line":5,"column":13},"end":{"line":5,"column":26}},"6":{"start":{"line":9,"column":2},"end":{"line":11,"column":null}},"7":{"start":{"line":5,"column":13},"end":{"line":12,"column":null}}},"fnMap":{"0":{"name":"(anonymous_2)","decl":{"start":{"line":6,"column":2},"end":{"line":6,"column":31}},"loc":{"start":{"line":6,"column":53},"end":{"line":6,"column":57}}},"1":{"name":"(anonymous_3)","decl":{"start":{"line":9,"column":2},"end":{"line":9,"column":10}},"loc":{"start":{"line":9,"column":10},"end":{"line":11,"column":3}}}},"branchMap":{"0":{"loc":{"start":{"line":6,"column":43},"end":{"line":6,"column":56}},"type":"cond-expr","locations":[{"start":{"line":6,"column":53},"end":{"line":6,"column":56}},{"start":{"line":6,"column":53},"end":{"line":6,"column":56}}]},"1":{"loc":{"start":{"line":6,"column":43},"end":{"line":6,"column":53}},"type":"binary-expr","locations":[{"start":{"line":6,"column":43},"end":{"line":6,"column":56}},{"start":{"line":6,"column":43},"end":{"line":6,"column":53}}]}},"s":{"0":1,"1":1,"2":1,"3":1,"4":1,"5":1,"6":1,"7":1},"f":{"0":1,"1":1},"b":{"0":[1,0],"1":[1,1]}}
,"C:\\Users\\USER\\Desktop\\E-commerce-Riwi-SportsLine\\riwi-sportsline\\src\\app.service.ts": {"path":"C:\\Users\\USER\\Desktop\\E-commerce-Riwi-SportsLine\\riwi-sportsline\\src\\app.service.ts","statementMap":{"0":{"start":{"line":1,"column":0},"end":{"line":1,"column":44}},"1":{"start":{"line":4,"column":7},"end":{"line":8,"column":null}},"2":{"start":{"line":6,"column":4},"end":{"line":6,"column":26}},"3":{"start":{"line":4,"column":13},"end":{"line":4,"column":23}},"4":{"start":{"line":4,"column":13},"end":{"line":8,"column":null}}},"fnMap":{"0":{"name":"(anonymous_1)","decl":{"start":{"line":5,"column":2},"end":{"line":5,"column":10}},"loc":{"start":{"line":5,"column":10},"end":{"line":7,"column":3}}}},"branchMap":{},"s":{"0":1,"1":1,"2":1,"3":1,"4":1},"f":{"0":1},"b":{}}
,"C:\\Users\\USER\\Desktop\\E-commerce-Riwi-SportsLine\\riwi-sportsline\\src\\auth\\auth.controller.ts": {"path":"C:\\Users\\USER\\Desktop\\E-commerce-Riwi-SportsLine\\riwi-sportsline\\src\\auth\\auth.controller.ts","statementMap":{"0":{"start":{"line":1,"column":0},"end":{"line":1,"column":115}},"1":{"start":{"line":2,"column":0},"end":{"line":2,"column":45}},"2":{"start":{"line":3,"column":0},"end":{"line":3,"column":43}},"3":{"start":{"line":4,"column":0},"end":{"line":4,"column":63}},"4":{"start":{"line":6,"column":0},"end":{"line":6,"column":69}},"5":{"start":{"line":7,"column":0},"end":{"line":7,"column":45}},"6":{"start":{"line":11,"column":7},"end":{"line":86,"column":null}},"7":{"start":{"line":12,"column":31},"end":{"line":12,"column":44}},"8":{"start":{"line":26,"column":23},"end":{"line":26,"column":66}},"9":{"start":{"line":27,"column":42},"end":{"line":27,"column":92}},"10":{"start":{"line":28,"column":25},"end":{"line":28,"column":62}},"11":{"start":{"line":30,"column":4},"end":{"line":36,"column":7}},"12":{"start":{"line":38,"column":4},"end":{"line":38,"column":27}},"13":{"start":{"line":45,"column":42},"end":{"line":45,"column":95}},"14":{"start":{"line":46,"column":25},"end":{"line":46,"column":62}},"15":{"start":{"line":48,"column":4},"end":{"line":54,"column":7}},"16":{"start":{"line":56,"column":4},"end":{"line":56,"column":27}},"17":{"start":{"line":63,"column":25},"end":{"line":63,"column":54}},"18":{"start":{"line":64,"column":4},"end":{"line":66,"column":5}},"19":{"start":{"line":65,"column":6},"end":{"line":65,"column":67}},"20":{"start":{"line":67,"column":4},"end":{"line":67,"column":50}},"21":{"start":{"line":74,"column":2},"end":{"line":79,"column":5}},"22":{"start":{"line":81,"column":2},"end":{"line":84,"column":4}},"23":{"start":{"line":11,"column":13},"end":{"line":11,"column":27}},"24":{"start":{"line":18,"column":2},"end":{"line":18,"column":null}},"25":{"start":{"line":25,"column":8},"end":{"line":39,"column":null}},"26":{"start":{"line":44,"column":8},"end":{"line":57,"column":null}},"27":{"start":{"line":62,"column":8},"end":{"line":68,"column":null}},"28":{"start":{"line":73,"column":8},"end":{"line":85,"column":null}},"29":{"start":{"line":11,"column":13},"end":{"line":86,"column":null}}},"fnMap":{"0":{"name":"(anonymous_4)","decl":{"start":{"line":12,"column":2},"end":{"line":12,"column":31}},"loc":{"start":{"line":12,"column":55},"end":{"line":12,"column":59}}},"1":{"name":"(anonymous_5)","decl":{"start":{"line":18,"column":2},"end":{"line":18,"column":13}},"loc":{"start":{"line":18,"column":13},"end":{"line":18,"column":18}}},"2":{"name":"(anonymous_6)","decl":{"start":{"line":25,"column":8},"end":{"line":25,"column":22}},"loc":{"start":{"line":25,"column":85},"end":{"line":39,"column":3}}},"3":{"name":"(anonymous_7)","decl":{"start":{"line":44,"column":8},"end":{"line":44,"column":13}},"loc":{"start":{"line":44,"column":78},"end":{"line":57,"column":3}}},"4":{"name":"(anonymous_8)","decl":{"start":{"line":62,"column":8},"end":{"line":62,"column":15}},"loc":{"start":{"line":62,"column":35},"end":{"line":68,"column":3}}},"5":{"name":"(anonymous_9)","decl":{"start":{"line":73,"column":8},"end":{"line":73,"column":14}},"loc":{"start":{"line":73,"column":56},"end":{"line":85,"column":1}}}},"branchMap":{"0":{"loc":{"start":{"line":33,"column":16},"end":{"line":33,"column":47}},"type":"cond-expr","locations":[{"start":{"line":33,"column":31},"end":{"line":33,"column":39}},{"start":{"line":33,"column":42},"end":{"line":33,"column":47}}]},"1":{"loc":{"start":{"line":51,"column":16},"end":{"line":51,"column":47}},"type":"cond-expr","locations":[{"start":{"line":51,"column":31},"end":{"line":51,"column":39}},{"start":{"line":51,"column":42},"end":{"line":51,"column":47}}]},"2":{"loc":{"start":{"line":64,"column":4},"end":{"line":66,"column":5}},"type":"if","locations":[{"start":{"line":64,"column":4},"end":{"line":66,"column":5}},{"start":{},"end":{}}]},"3":{"loc":{"start":{"line":44,"column":27},"end":{"line":44,"column":38}},"type":"cond-expr","locations":[{"start":{"line":44,"column":35},"end":{"line":44,"column":38}},{"start":{"line":44,"column":35},"end":{"line":44,"column":38}}]},"4":{"loc":{"start":{"line":44,"column":27},"end":{"line":44,"column":35}},"type":"binary-expr","locations":[{"start":{"line":44,"column":27},"end":{"line":44,"column":38}},{"start":{"line":44,"column":27},"end":{"line":44,"column":35}}]},"5":{"loc":{"start":{"line":12,"column":44},"end":{"line":12,"column":58}},"type":"cond-expr","locations":[{"start":{"line":12,"column":55},"end":{"line":12,"column":58}},{"start":{"line":12,"column":55},"end":{"line":12,"column":58}}]},"6":{"loc":{"start":{"line":12,"column":44},"end":{"line":12,"column":55}},"type":"binary-expr","locations":[{"start":{"line":12,"column":44},"end":{"line":12,"column":58}},{"start":{"line":12,"column":44},"end":{"line":12,"column":55}}]}},"s":{"0":1,"1":1,"2":1,"3":1,"4":1,"5":1,"6":1,"7":5,"8":1,"9":1,"10":1,"11":1,"12":1,"13":1,"14":1,"15":1,"16":1,"17":1,"18":1,"19":0,"20":1,"21":1,"22":1,"23":1,"24":1,"25":1,"26":1,"27":1,"28":1,"29":1},"f":{"0":5,"1":0,"2":1,"3":1,"4":1,"5":1},"b":{"0":[0,1],"1":[0,1],"2":[0,1],"3":[1,0],"4":[1,1],"5":[1,0],"6":[1,1]}}
,"C:\\Users\\USER\\Desktop\\E-commerce-Riwi-SportsLine\\riwi-sportsline\\src\\auth\\auth.service.ts": {"path":"C:\\Users\\USER\\Desktop\\E-commerce-Riwi-SportsLine\\riwi-sportsline\\src\\auth\\auth.service.ts","statementMap":{"0":{"start":{"line":1,"column":0},"end":{"line":1,"column":67}},"1":{"start":{"line":2,"column":0},"end":{"line":2,"column":51}},"2":{"start":{"line":3,"column":0},"end":{"line":3,"column":41}},"3":{"start":{"line":4,"column":0},"end":{"line":4,"column":33}},"4":{"start":{"line":8,"column":7},"end":{"line":79,"column":null}},"5":{"start":{"line":10,"column":21},"end":{"line":10,"column":35}},"6":{"start":{"line":11,"column":21},"end":{"line":11,"column":33}},"7":{"start":{"line":15,"column":17},"end":{"line":15,"column":59}},"8":{"start":{"line":16,"column":4},"end":{"line":16,"column":27}},"9":{"start":{"line":16,"column":15},"end":{"line":16,"column":27}},"10":{"start":{"line":18,"column":28},"end":{"line":18,"column":73}},"11":{"start":{"line":19,"column":4},"end":{"line":19,"column":41}},"12":{"start":{"line":23,"column":17},"end":{"line":23,"column":57}},"13":{"start":{"line":24,"column":4},"end":{"line":24,"column":70}},"14":{"start":{"line":24,"column":15},"end":{"line":24,"column":70}},"15":{"start":{"line":26,"column":20},"end":{"line":26,"column":77}},"16":{"start":{"line":28,"column":24},"end":{"line":31,"column":6}},"17":{"start":{"line":32,"column":25},"end":{"line":35,"column":6}},"18":{"start":{"line":37,"column":4},"end":{"line":37,"column":41}},"19":{"start":{"line":41,"column":4},"end":{"line":55,"column":5}},"20":{"start":{"line":42,"column":22},"end":{"line":42,"column":94}},"21":{"start":{"line":43,"column":19},"end":{"line":43,"column":63}},"22":{"start":{"line":45,"column":6},"end":{"line":45,"column":74}},"23":{"start":{"line":45,"column":17},"end":{"line":45,"column":74}},"24":{"start":{"line":47,"column":29},"end":{"line":49,"column":null}},"25":{"start":{"line":52,"column":6},"end":{"line":52,"column":45}},"26":{"start":{"line":54,"column":6},"end":{"line":54,"column":63}},"27":{"start":{"line":60,"column":4},"end":{"line":64,"column":5}},"28":{"start":{"line":61,"column":6},"end":{"line":61,"column":67}},"29":{"start":{"line":63,"column":6},"end":{"line":63,"column":89}},"30":{"start":{"line":66,"column":20},"end":{"line":66,"column":77}},"31":{"start":{"line":68,"column":24},"end":{"line":71,"column":6}},"32":{"start":{"line":72,"column":25},"end":{"line":75,"column":6}},"33":{"start":{"line":77,"column":4},"end":{"line":77,"column":41}},"34":{"start":{"line":8,"column":13},"end":{"line":8,"column":24}},"35":{"start":{"line":8,"column":13},"end":{"line":79,"column":null}}},"fnMap":{"0":{"name":"(anonymous_11)","decl":{"start":{"line":9,"column":2},"end":{"line":9,"column":null}},"loc":{"start":{"line":11,"column":43},"end":{"line":12,"column":6}}},"1":{"name":"(anonymous_12)","decl":{"start":{"line":14,"column":2},"end":{"line":14,"column":7}},"loc":{"start":{"line":14,"column":52},"end":{"line":20,"column":3}}},"2":{"name":"(anonymous_13)","decl":{"start":{"line":22,"column":2},"end":{"line":22,"column":7}},"loc":{"start":{"line":22,"column":45},"end":{"line":38,"column":3}}},"3":{"name":"(anonymous_14)","decl":{"start":{"line":40,"column":2},"end":{"line":40,"column":7}},"loc":{"start":{"line":40,"column":36},"end":{"line":56,"column":3}}},"4":{"name":"(anonymous_15)","decl":{"start":{"line":58,"column":2},"end":{"line":58,"column":7}},"loc":{"start":{"line":58,"column":67},"end":{"line":78,"column":3}}}},"branchMap":{"0":{"loc":{"start":{"line":16,"column":4},"end":{"line":16,"column":27}},"type":"if","locations":[{"start":{"line":16,"column":4},"end":{"line":16,"column":27}},{"start":{},"end":{}}]},"1":{"loc":{"start":{"line":19,"column":11},"end":{"line":19,"column":40}},"type":"cond-expr","locations":[{"start":{"line":19,"column":29},"end":{"line":19,"column":33}},{"start":{"line":19,"column":36},"end":{"line":19,"column":40}}]},"2":{"loc":{"start":{"line":24,"column":4},"end":{"line":24,"column":70}},"type":"if","locations":[{"start":{"line":24,"column":4},"end":{"line":24,"column":70}},{"start":{},"end":{}}]},"3":{"loc":{"start":{"line":45,"column":6},"end":{"line":45,"column":74}},"type":"if","locations":[{"start":{"line":45,"column":6},"end":{"line":45,"column":74}},{"start":{},"end":{}}]},"4":{"loc":{"start":{"line":10,"column":35},"end":{"line":10,"column":null}},"type":"cond-expr","locations":[{"start":{"line":10,"column":46},"end":{"line":10,"column":null}},{"start":{"line":10,"column":46},"end":{"line":10,"column":null}}]},"5":{"loc":{"start":{"line":10,"column":35},"end":{"line":10,"column":46}},"type":"binary-expr","locations":[{"start":{"line":10,"column":35},"end":{"line":10,"column":null}},{"start":{"line":10,"column":35},"end":{"line":10,"column":46}}]},"6":{"loc":{"start":{"line":10,"column":46},"end":{"line":11,"column":null}},"type":"cond-expr","locations":[{"start":{"line":11,"column":43},"end":{"line":11,"column":null}},{"start":{"line":11,"column":43},"end":{"line":11,"column":null}}]},"7":{"loc":{"start":{"line":10,"column":46},"end":{"line":11,"column":43}},"type":"binary-expr","locations":[{"start":{"line":10,"column":46},"end":{"line":11,"column":null}},{"start":{"line":11,"column":33},"end":{"line":11,"column":43}}]}},"s":{"0":2,"1":2,"2":2,"3":2,"4":2,"5":5,"6":5,"7":4,"8":4,"9":1,"10":3,"11":3,"12":2,"13":2,"14":1,"15":1,"16":1,"17":1,"18":1,"19":1,"20":1,"21":1,"22":1,"23":0,"24":1,"25":1,"26":0,"27":0,"28":0,"29":0,"30":0,"31":0,"32":0,"33":0,"34":2,"35":2},"f":{"0":5,"1":4,"2":2,"3":1,"4":0},"b":{"0":[1,3],"1":[2,1],"2":[1,1],"3":[0,1],"4":[2,0],"5":[2,2],"6":[2,0],"7":[2,2]}}
,"C:\\Users\\USER\\Desktop\\E-commerce-Riwi-SportsLine\\riwi-sportsline\\src\\auth\\dto\\login.dto.ts": {"path":"C:\\Users\\USER\\Desktop\\E-commerce-Riwi-SportsLine\\riwi-sportsline\\src\\auth\\dto\\login.dto.ts","statementMap":{"0":{"start":{"line":1,"column":0},"end":{"line":1,"column":46}},"1":{"start":{"line":2,"column":0},"end":{"line":2,"column":63}},"2":{"start":{"line":4,"column":0},"end":{"line":4,"column":13}},"3":{"start":{"line":7,"column":2},"end":{"line":7,"column":null}},"4":{"start":{"line":12,"column":2},"end":{"line":12,"column":null}}},"fnMap":{},"branchMap":{},"s":{"0":1,"1":1,"2":1,"3":1,"4":1},"f":{},"b":{}}
,"C:\\Users\\USER\\Desktop\\E-commerce-Riwi-SportsLine\\riwi-sportsline\\src\\auth\\guards\\jwt-auth.guard.ts": {"path":"C:\\Users\\USER\\Desktop\\E-commerce-Riwi-SportsLine\\riwi-sportsline\\src\\auth\\guards\\jwt-auth.guard.ts","statementMap":{"0":{"start":{"line":1,"column":0},"end":{"line":1,"column":62}},"1":{"start":{"line":2,"column":0},"end":{"line":2,"column":41}},"2":{"start":{"line":3,"column":0},"end":{"line":3,"column":45}},"3":{"start":{"line":6,"column":7},"end":{"line":16,"column":null}},"4":{"start":{"line":8,"column":8},"end":{"line":8,"column":16}},"5":{"start":{"line":7,"column":25},"end":{"line":7,"column":36}},"6":{"start":{"line":12,"column":25},"end":{"line":12,"column":86}},"7":{"start":{"line":13,"column":8},"end":{"line":13,"column":34}},"8":{"start":{"line":13,"column":22},"end":{"line":13,"column":34}},"9":{"start":{"line":14,"column":8},"end":{"line":14,"column":42}},"10":{"start":{"line":6,"column":13},"end":{"line":6,"column":25}},"11":{"start":{"line":6,"column":13},"end":{"line":16,"column":null}}},"fnMap":{"0":{"name":"(anonymous_2)","decl":{"start":{"line":7,"column":4},"end":{"line":7,"column":25}},"loc":{"start":{"line":7,"column":45},"end":{"line":9,"column":5}}},"1":{"name":"(anonymous_3)","decl":{"start":{"line":11,"column":4},"end":{"line":11,"column":15}},"loc":{"start":{"line":11,"column":41},"end":{"line":15,"column":5}}}},"branchMap":{"0":{"loc":{"start":{"line":13,"column":8},"end":{"line":13,"column":34}},"type":"if","locations":[{"start":{"line":13,"column":8},"end":{"line":13,"column":34}},{"start":{},"end":{}}]},"1":{"loc":{"start":{"line":7,"column":36},"end":{"line":7,"column":null}},"type":"cond-expr","locations":[{"start":{"line":7,"column":45},"end":{"line":7,"column":null}},{"start":{"line":7,"column":45},"end":{"line":7,"column":null}}]},"2":{"loc":{"start":{"line":7,"column":36},"end":{"line":7,"column":45}},"type":"binary-expr","locations":[{"start":{"line":7,"column":36},"end":{"line":7,"column":null}},{"start":{"line":7,"column":36},"end":{"line":7,"column":45}}]}},"s":{"0":5,"1":5,"2":5,"3":5,"4":15,"5":15,"6":0,"7":0,"8":0,"9":0,"10":5,"11":5},"f":{"0":15,"1":0},"b":{"0":[0,0],"1":[5,0],"2":[5,5]}}
,"C:\\Users\\USER\\Desktop\\E-commerce-Riwi-SportsLine\\riwi-sportsline\\src\\auth\\guards\\roles.guard.ts": {"path":"C:\\Users\\USER\\Desktop\\E-commerce-Riwi-SportsLine\\riwi-sportsline\\src\\auth\\guards\\roles.guard.ts","statementMap":{"0":{"start":{"line":1,"column":0},"end":{"line":1,"column":95}},"1":{"start":{"line":2,"column":0},"end":{"line":2,"column":41}},"2":{"start":{"line":3,"column":0},"end":{"line":3,"column":68}},"3":{"start":{"line":6,"column":7},"end":{"line":25,"column":null}},"4":{"start":{"line":7,"column":25},"end":{"line":7,"column":36}},"5":{"start":{"line":10,"column":30},"end":{"line":13,"column":10}},"6":{"start":{"line":15,"column":8},"end":{"line":15,"column":39}},"7":{"start":{"line":15,"column":27},"end":{"line":15,"column":39}},"8":{"start":{"line":17,"column":25},"end":{"line":17,"column":60}},"9":{"start":{"line":19,"column":24},"end":{"line":19,"column":81}},"10":{"start":{"line":19,"column":53},"end":{"line":19,"column":80}},"11":{"start":{"line":21,"column":8},"end":{"line":21,"column":null}},"12":{"start":{"line":21,"column":22},"end":{"line":21,"column":null}},"13":{"start":{"line":23,"column":8},"end":{"line":23,"column":20}},"14":{"start":{"line":6,"column":13},"end":{"line":6,"column":23}},"15":{"start":{"line":6,"column":13},"end":{"line":25,"column":null}}},"fnMap":{"0":{"name":"(anonymous_2)","decl":{"start":{"line":7,"column":4},"end":{"line":7,"column":25}},"loc":{"start":{"line":7,"column":45},"end":{"line":7,"column":48}}},"1":{"name":"(anonymous_3)","decl":{"start":{"line":9,"column":4},"end":{"line":9,"column":15}},"loc":{"start":{"line":9,"column":41},"end":{"line":24,"column":5}}},"2":{"name":"(anonymous_4)","decl":{"start":{"line":19,"column":43},"end":{"line":19,"column":44}},"loc":{"start":{"line":19,"column":53},"end":{"line":19,"column":80}}}},"branchMap":{"0":{"loc":{"start":{"line":15,"column":8},"end":{"line":15,"column":39}},"type":"if","locations":[{"start":{"line":15,"column":8},"end":{"line":15,"column":39}},{"start":{},"end":{}}]},"1":{"loc":{"start":{"line":21,"column":8},"end":{"line":21,"column":null}},"type":"if","locations":[{"start":{"line":21,"column":8},"end":{"line":21,"column":null}},{"start":{},"end":{}}]},"2":{"loc":{"start":{"line":7,"column":36},"end":{"line":7,"column":47}},"type":"cond-expr","locations":[{"start":{"line":7,"column":45},"end":{"line":7,"column":47}},{"start":{"line":7,"column":45},"end":{"line":7,"column":47}}]},"3":{"loc":{"start":{"line":7,"column":36},"end":{"line":7,"column":45}},"type":"binary-expr","locations":[{"start":{"line":7,"column":36},"end":{"line":7,"column":47}},{"start":{"line":7,"column":36},"end":{"line":7,"column":45}}]}},"s":{"0":5,"1":5,"2":5,"3":5,"4":15,"5":0,"6":0,"7":0,"8":0,"9":0,"10":0,"11":0,"12":0,"13":0,"14":5,"15":5},"f":{"0":15,"1":0,"2":0},"b":{"0":[0,0],"1":[0,0],"2":[5,0],"3":[5,5]}}
,"C:\\Users\\USER\\Desktop\\E-commerce-Riwi-SportsLine\\riwi-sportsline\\src\\client\\client.controller.ts": {"path":"C:\\Users\\USER\\Desktop\\E-commerce-Riwi-SportsLine\\riwi-sportsline\\src\\client\\client.controller.ts","statementMap":{"0":{"start":{"line":1,"column":0},"end":{"line":1,"column":108}},"1":{"start":{"line":2,"column":0},"end":{"line":2,"column":84}},"2":{"start":{"line":3,"column":0},"end":{"line":3,"column":49}},"3":{"start":{"line":4,"column":0},"end":{"line":4,"column":58}},"4":{"start":{"line":5,"column":0},"end":{"line":5,"column":58}},"5":{"start":{"line":6,"column":0},"end":{"line":6,"column":61}},"6":{"start":{"line":7,"column":0},"end":{"line":7,"column":61}},"7":{"start":{"line":8,"column":0},"end":{"line":8,"column":56}},"8":{"start":{"line":14,"column":7},"end":{"line":69,"column":null}},"9":{"start":{"line":15,"column":31},"end":{"line":15,"column":46}},"10":{"start":{"line":24,"column":4},"end":{"line":24,"column":54}},"11":{"start":{"line":34,"column":4},"end":{"line":34,"column":40}},"12":{"start":{"line":45,"column":4},"end":{"line":45,"column":42}},"13":{"start":{"line":56,"column":4},"end":{"line":56,"column":58}},"14":{"start":{"line":67,"column":4},"end":{"line":67,"column":41}},"15":{"start":{"line":14,"column":13},"end":{"line":14,"column":29}},"16":{"start":{"line":23,"column":2},"end":{"line":25,"column":null}},"17":{"start":{"line":33,"column":2},"end":{"line":35,"column":null}},"18":{"start":{"line":44,"column":2},"end":{"line":46,"column":null}},"19":{"start":{"line":55,"column":2},"end":{"line":57,"column":null}},"20":{"start":{"line":66,"column":2},"end":{"line":68,"column":null}},"21":{"start":{"line":14,"column":13},"end":{"line":69,"column":null}}},"fnMap":{"0":{"name":"(anonymous_4)","decl":{"start":{"line":15,"column":2},"end":{"line":15,"column":31}},"loc":{"start":{"line":15,"column":59},"end":{"line":15,"column":63}}},"1":{"name":"(anonymous_5)","decl":{"start":{"line":23,"column":2},"end":{"line":23,"column":8}},"loc":{"start":{"line":23,"column":49},"end":{"line":25,"column":3}}},"2":{"name":"(anonymous_6)","decl":{"start":{"line":33,"column":2},"end":{"line":33,"column":9}},"loc":{"start":{"line":33,"column":9},"end":{"line":35,"column":3}}},"3":{"name":"(anonymous_7)","decl":{"start":{"line":44,"column":2},"end":{"line":44,"column":9}},"loc":{"start":{"line":44,"column":47},"end":{"line":46,"column":3}}},"4":{"name":"(anonymous_8)","decl":{"start":{"line":55,"column":2},"end":{"line":55,"column":8}},"loc":{"start":{"line":55,"column":88},"end":{"line":57,"column":3}}},"5":{"name":"(anonymous_9)","decl":{"start":{"line":66,"column":2},"end":{"line":66,"column":8}},"loc":{"start":{"line":66,"column":46},"end":{"line":68,"column":3}}}},"branchMap":{"0":{"loc":{"start":{"line":23,"column":34},"end":{"line":23,"column":null}},"type":"cond-expr","locations":[{"start":{"line":23,"column":49},"end":{"line":23,"column":null}},{"start":{"line":23,"column":49},"end":{"line":23,"column":null}}]},"1":{"loc":{"start":{"line":23,"column":34},"end":{"line":23,"column":49}},"type":"binary-expr","locations":[{"start":{"line":23,"column":34},"end":{"line":23,"column":null}},{"start":{"line":23,"column":34},"end":{"line":23,"column":49}}]},"2":{"loc":{"start":{"line":55,"column":73},"end":{"line":55,"column":null}},"type":"cond-expr","locations":[{"start":{"line":55,"column":88},"end":{"line":55,"column":null}},{"start":{"line":55,"column":88},"end":{"line":55,"column":null}}]},"3":{"loc":{"start":{"line":55,"column":73},"end":{"line":55,"column":88}},"type":"binary-expr","locations":[{"start":{"line":55,"column":73},"end":{"line":55,"column":null}},{"start":{"line":55,"column":73},"end":{"line":55,"column":88}}]},"4":{"loc":{"start":{"line":15,"column":46},"end":{"line":15,"column":62}},"type":"cond-expr","locations":[{"start":{"line":15,"column":59},"end":{"line":15,"column":62}},{"start":{"line":15,"column":59},"end":{"line":15,"column":62}}]},"5":{"loc":{"start":{"line":15,"column":46},"end":{"line":15,"column":59}},"type":"binary-expr","locations":[{"start":{"line":15,"column":46},"end":{"line":15,"column":62}},{"start":{"line":15,"column":46},"end":{"line":15,"column":59}}]}},"s":{"0":1,"1":1,"2":1,"3":1,"4":1,"5":1,"6":1,"7":1,"8":1,"9":3,"10":1,"11":1,"12":0,"13":0,"14":0,"15":1,"16":1,"17":1,"18":1,"19":1,"20":1,"21":1},"f":{"0":3,"1":1,"2":1,"3":0,"4":0,"5":0},"b":{"0":[1,0],"1":[1,1],"2":[1,0],"3":[1,1],"4":[1,0],"5":[1,1]}}
,"C:\\Users\\USER\\Desktop\\E-commerce-Riwi-SportsLine\\riwi-sportsline\\src\\client\\client.service.ts": {"path":"C:\\Users\\USER\\Desktop\\E-commerce-Riwi-SportsLine\\riwi-sportsline\\src\\client\\client.service.ts","statementMap":{"0":{"start":{"line":1,"column":0},"end":{"line":1,"column":63}},"1":{"start":{"line":2,"column":0},"end":{"line":2,"column":51}},"2":{"start":{"line":3,"column":0},"end":{"line":3,"column":37}},"3":{"start":{"line":4,"column":0},"end":{"line":4,"column":50}},"4":{"start":{"line":9,"column":7},"end":{"line":48,"column":null}},"5":{"start":{"line":12,"column":21},"end":{"line":12,"column":33}},"6":{"start":{"line":16,"column":19},"end":{"line":16,"column":58}},"7":{"start":{"line":17,"column":4},"end":{"line":17,"column":40}},"8":{"start":{"line":21,"column":4},"end":{"line":21,"column":34}},"9":{"start":{"line":25,"column":19},"end":{"line":25,"column":58}},"10":{"start":{"line":26,"column":4},"end":{"line":28,"column":5}},"11":{"start":{"line":27,"column":6},"end":{"line":27,"column":null}},"12":{"start":{"line":29,"column":4},"end":{"line":29,"column":18}},"13":{"start":{"line":33,"column":19},"end":{"line":33,"column":58}},"14":{"start":{"line":34,"column":4},"end":{"line":36,"column":5}},"15":{"start":{"line":35,"column":6},"end":{"line":35,"column":null}},"16":{"start":{"line":37,"column":4},"end":{"line":37,"column":43}},"17":{"start":{"line":38,"column":4},"end":{"line":38,"column":null}},"18":{"start":{"line":42,"column":19},"end":{"line":42,"column":58}},"19":{"start":{"line":43,"column":4},"end":{"line":45,"column":5}},"20":{"start":{"line":44,"column":6},"end":{"line":44,"column":null}},"21":{"start":{"line":46,"column":4},"end":{"line":46,"column":37}},"22":{"start":{"line":9,"column":13},"end":{"line":9,"column":26}},"23":{"start":{"line":9,"column":13},"end":{"line":48,"column":null}}},"fnMap":{"0":{"name":"(anonymous_4)","decl":{"start":{"line":10,"column":2},"end":{"line":10,"column":null}},"loc":{"start":{"line":12,"column":51},"end":{"line":13,"column":7}}},"1":{"name":"(anonymous_5)","decl":{"start":{"line":15,"column":2},"end":{"line":15,"column":7}},"loc":{"start":{"line":15,"column":47},"end":{"line":18,"column":3}}},"2":{"name":"(anonymous_6)","decl":{"start":{"line":20,"column":2},"end":{"line":20,"column":7}},"loc":{"start":{"line":20,"column":15},"end":{"line":22,"column":3}}},"3":{"name":"(anonymous_7)","decl":{"start":{"line":24,"column":2},"end":{"line":24,"column":7}},"loc":{"start":{"line":24,"column":26},"end":{"line":30,"column":3}}},"4":{"name":"(anonymous_8)","decl":{"start":{"line":32,"column":2},"end":{"line":32,"column":7}},"loc":{"start":{"line":32,"column":59},"end":{"line":39,"column":3}}},"5":{"name":"(anonymous_9)","decl":{"start":{"line":41,"column":2},"end":{"line":41,"column":7}},"loc":{"start":{"line":41,"column":25},"end":{"line":47,"column":3}}}},"branchMap":{"0":{"loc":{"start":{"line":26,"column":4},"end":{"line":28,"column":5}},"type":"if","locations":[{"start":{"line":26,"column":4},"end":{"line":28,"column":5}},{"start":{},"end":{}}]},"1":{"loc":{"start":{"line":34,"column":4},"end":{"line":36,"column":5}},"type":"if","locations":[{"start":{"line":34,"column":4},"end":{"line":36,"column":5}},{"start":{},"end":{}}]},"2":{"loc":{"start":{"line":43,"column":4},"end":{"line":45,"column":5}},"type":"if","locations":[{"start":{"line":43,"column":4},"end":{"line":45,"column":5}},{"start":{},"end":{}}]},"3":{"loc":{"start":{"line":12,"column":33},"end":{"line":12,"column":51}},"type":"cond-expr","locations":[{"start":{"line":12,"column":43},"end":{"line":12,"column":51}},{"start":{"line":12,"column":43},"end":{"line":12,"column":51}}]},"4":{"loc":{"start":{"line":12,"column":33},"end":{"line":12,"column":43}},"type":"binary-expr","locations":[{"start":{"line":12,"column":33},"end":{"line":12,"column":51}},{"start":{"line":12,"column":33},"end":{"line":12,"column":43}}]}},"s":{"0":2,"1":2,"2":2,"3":2,"4":2,"5":2,"6":1,"7":1,"8":0,"9":0,"10":0,"11":0,"12":0,"13":0,"14":0,"15":0,"16":0,"17":0,"18":0,"19":0,"20":0,"21":0,"22":2,"23":2},"f":{"0":2,"1":1,"2":0,"3":0,"4":0,"5":0},"b":{"0":[0,0],"1":[0,0],"2":[0,0],"3":[2,0],"4":[2,2]}}
,"C:\\Users\\USER\\Desktop\\E-commerce-Riwi-SportsLine\\riwi-sportsline\\src\\client\\dto\\create-client.dto.ts": {"path":"C:\\Users\\USER\\Desktop\\E-commerce-Riwi-SportsLine\\riwi-sportsline\\src\\client\\dto\\create-client.dto.ts","statementMap":{"0":{"start":{"line":1,"column":0},"end":{"line":1,"column":64}},"1":{"start":{"line":3,"column":0},"end":{"line":3,"column":13}},"2":{"start":{"line":6,"column":2},"end":{"line":6,"column":null}},"3":{"start":{"line":9,"column":2},"end":{"line":9,"column":null}},"4":{"start":{"line":13,"column":2},"end":{"line":13,"column":null}}},"fnMap":{},"branchMap":{},"s":{"0":1,"1":1,"2":1,"3":1,"4":1},"f":{},"b":{}}
,"C:\\Users\\USER\\Desktop\\E-commerce-Riwi-SportsLine\\riwi-sportsline\\src\\client\\dto\\update-client.dto.ts": {"path":"C:\\Users\\USER\\Desktop\\E-commerce-Riwi-SportsLine\\riwi-sportsline\\src\\client\\dto\\update-client.dto.ts","statementMap":{"0":{"start":{"line":1,"column":0},"end":{"line":1,"column":51}},"1":{"start":{"line":2,"column":0},"end":{"line":2,"column":54}},"2":{"start":{"line":3,"column":0},"end":{"line":3,"column":64}},"3":{"start":{"line":5,"column":0},"end":{"line":5,"column":13}},"4":{"start":{"line":8,"column":2},"end":{"line":8,"column":null}},"5":{"start":{"line":12,"column":2},"end":{"line":12,"column":null}},"6":{"start":{"line":16,"column":2},"end":{"line":16,"column":null}}},"fnMap":{},"branchMap":{},"s":{"0":1,"1":1,"2":1,"3":1,"4":1,"5":1,"6":1},"f":{},"b":{}}
,"C:\\Users\\USER\\Desktop\\E-commerce-Riwi-SportsLine\\riwi-sportsline\\src\\client\\entities\\client.entity.ts": {"path":"C:\\Users\\USER\\Desktop\\E-commerce-Riwi-SportsLine\\riwi-sportsline\\src\\client\\entities\\client.entity.ts","statementMap":{"0":{"start":{"line":1,"column":0},"end":{"line":1,"column":58}},"1":{"start":{"line":2,"column":0},"end":{"line":2,"column":76}},"2":{"start":{"line":5,"column":7},"end":{"line":21,"column":null}},"3":{"start":{"line":5,"column":13},"end":{"line":5,"column":19}},"4":{"start":{"line":7,"column":4},"end":{"line":7,"column":null}},"5":{"start":{"line":10,"column":4},"end":{"line":10,"column":null}},"6":{"start":{"line":13,"column":4},"end":{"line":13,"column":null}},"7":{"start":{"line":16,"column":4},"end":{"line":16,"column":null}},"8":{"start":{"line":19,"column":4},"end":{"line":19,"column":null}},"9":{"start":{"line":18,"column":21},"end":{"line":18,"column":26}},"10":{"start":{"line":18,"column":39},"end":{"line":18,"column":51}},"11":{"start":{"line":5,"column":13},"end":{"line":21,"column":null}}},"fnMap":{"0":{"name":"(anonymous_2)","decl":{"start":{"line":18,"column":15},"end":{"line":18,"column":18}},"loc":{"start":{"line":18,"column":21},"end":{"line":18,"column":26}}},"1":{"name":"(anonymous_3)","decl":{"start":{"line":18,"column":28},"end":{"line":18,"column":29}},"loc":{"start":{"line":18,"column":39},"end":{"line":18,"column":51}}}},"branchMap":{},"s":{"0":12,"1":12,"2":12,"3":12,"4":12,"5":12,"6":12,"7":12,"8":12,"9":0,"10":0,"11":12},"f":{"0":0,"1":0},"b":{}}
,"C:\\Users\\USER\\Desktop\\E-commerce-Riwi-SportsLine\\riwi-sportsline\\src\\common\\decorators\\public.decorator.ts": {"path":"C:\\Users\\USER\\Desktop\\E-commerce-Riwi-SportsLine\\riwi-sportsline\\src\\common\\decorators\\public.decorator.ts","statementMap":{"0":{"start":{"line":1,"column":0},"end":{"line":1,"column":45}},"1":{"start":{"line":3,"column":23},"end":{"line":3,"column":58}},"2":{"start":{"line":3,"column":29},"end":{"line":3,"column":58}},"3":{"start":{"line":3,"column":13},"end":{"line":3,"column":23}}},"fnMap":{"0":{"name":"(anonymous_0)","decl":{"start":{"line":3,"column":23},"end":{"line":3,"column":26}},"loc":{"start":{"line":3,"column":29},"end":{"line":3,"column":58}}}},"branchMap":{},"s":{"0":1,"1":1,"2":5,"3":1},"f":{"0":5},"b":{}}
,"C:\\Users\\USER\\Desktop\\E-commerce-Riwi-SportsLine\\riwi-sportsline\\src\\common\\decorators\\roles.decorator.ts": {"path":"C:\\Users\\USER\\Desktop\\E-commerce-Riwi-SportsLine\\riwi-sportsline\\src\\common\\decorators\\roles.decorator.ts","statementMap":{"0":{"start":{"line":1,"column":0},"end":{"line":1,"column":45}},"1":{"start":{"line":3,"column":13},"end":{"line":3,"column":null}},"2":{"start":{"line":4,"column":21},"end":{"line":4,"column":74}},"3":{"start":{"line":4,"column":45},"end":{"line":4,"column":74}},"4":{"start":{"line":4,"column":13},"end":{"line":4,"column":21}}},"fnMap":{"0":{"name":"(anonymous_0)","decl":{"start":{"line":4,"column":21},"end":{"line":4,"column":22}},"loc":{"start":{"line":4,"column":45},"end":{"line":4,"column":74}}}},"branchMap":{},"s":{"0":5,"1":5,"2":5,"3":26,"4":5},"f":{"0":26},"b":{}}
,"C:\\Users\\USER\\Desktop\\E-commerce-Riwi-SportsLine\\riwi-sportsline\\src\\order\\order.controller.ts": {"path":"C:\\Users\\USER\\Desktop\\E-commerce-Riwi-SportsLine\\riwi-sportsline\\src\\order\\order.controller.ts","statementMap":{"0":{"start":{"line":1,"column":0},"end":{"line":1,"column":118}},"1":{"start":{"line":2,"column":0},"end":{"line":2,"column":84}},"2":{"start":{"line":3,"column":0},"end":{"line":3,"column":47}},"3":{"start":{"line":4,"column":0},"end":{"line":4,"column":56}},"4":{"start":{"line":5,"column":0},"end":{"line":5,"column":56}},"5":{"start":{"line":6,"column":0},"end":{"line":6,"column":61}},"6":{"start":{"line":7,"column":0},"end":{"line":7,"column":61}},"7":{"start":{"line":8,"column":0},"end":{"line":8,"column":56}},"8":{"start":{"line":14,"column":7},"end":{"line":70,"column":null}},"9":{"start":{"line":15,"column":31},"end":{"line":15,"column":45}},"10":{"start":{"line":24,"column":4},"end":{"line":24,"column":52}},"11":{"start":{"line":34,"column":4},"end":{"line":34,"column":39}},"12":{"start":{"line":45,"column":4},"end":{"line":45,"column":41}},"13":{"start":{"line":56,"column":4},"end":{"line":56,"column":56}},"14":{"start":{"line":68,"column":4},"end":{"line":68,"column":40}},"15":{"start":{"line":14,"column":13},"end":{"line":14,"column":28}},"16":{"start":{"line":23,"column":2},"end":{"line":25,"column":null}},"17":{"start":{"line":33,"column":2},"end":{"line":35,"column":null}},"18":{"start":{"line":44,"column":2},"end":{"line":46,"column":null}},"19":{"start":{"line":55,"column":2},"end":{"line":57,"column":null}},"20":{"start":{"line":67,"column":2},"end":{"line":69,"column":null}},"21":{"start":{"line":14,"column":13},"end":{"line":70,"column":null}}},"fnMap":{"0":{"name":"(anonymous_4)","decl":{"start":{"line":15,"column":2},"end":{"line":15,"column":31}},"loc":{"start":{"line":15,"column":57},"end":{"line":15,"column":61}}},"1":{"name":"(anonymous_5)","decl":{"start":{"line":23,"column":2},"end":{"line":23,"column":8}},"loc":{"start":{"line":23,"column":47},"end":{"line":25,"column":3}}},"2":{"name":"(anonymous_6)","decl":{"start":{"line":33,"column":2},"end":{"line":33,"column":9}},"loc":{"start":{"line":33,"column":9},"end":{"line":35,"column":3}}},"3":{"name":"(anonymous_7)","decl":{"start":{"line":44,"column":2},"end":{"line":44,"column":9}},"loc":{"start":{"line":44,"column":47},"end":{"line":46,"column":3}}},"4":{"name":"(anonymous_8)","decl":{"start":{"line":55,"column":2},"end":{"line":55,"column":8}},"loc":{"start":{"line":55,"column":86},"end":{"line":57,"column":3}}},"5":{"name":"(anonymous_9)","decl":{"start":{"line":67,"column":2},"end":{"line":67,"column":8}},"loc":{"start":{"line":67,"column":46},"end":{"line":69,"column":3}}}},"branchMap":{"0":{"loc":{"start":{"line":23,"column":33},"end":{"line":23,"column":null}},"type":"cond-expr","locations":[{"start":{"line":23,"column":47},"end":{"line":23,"column":null}},{"start":{"line":23,"column":47},"end":{"line":23,"column":null}}]},"1":{"loc":{"start":{"line":23,"column":33},"end":{"line":23,"column":47}},"type":"binary-expr","locations":[{"start":{"line":23,"column":33},"end":{"line":23,"column":null}},{"start":{"line":23,"column":33},"end":{"line":23,"column":47}}]},"2":{"loc":{"start":{"line":55,"column":72},"end":{"line":55,"column":null}},"type":"cond-expr","locations":[{"start":{"line":55,"column":86},"end":{"line":55,"column":null}},{"start":{"line":55,"column":86},"end":{"line":55,"column":null}}]},"3":{"loc":{"start":{"line":55,"column":72},"end":{"line":55,"column":86}},"type":"binary-expr","locations":[{"start":{"line":55,"column":72},"end":{"line":55,"column":null}},{"start":{"line":55,"column":72},"end":{"line":55,"column":86}}]},"4":{"loc":{"start":{"line":15,"column":45},"end":{"line":15,"column":60}},"type":"cond-expr","locations":[{"start":{"line":15,"column":57},"end":{"line":15,"column":60}},{"start":{"line":15,"column":57},"end":{"line":15,"column":60}}]},"5":{"loc":{"start":{"line":15,"column":45},"end":{"line":15,"column":57}},"type":"binary-expr","locations":[{"start":{"line":15,"column":45},"end":{"line":15,"column":60}},{"start":{"line":15,"column":45},"end":{"line":15,"column":57}}]}},"s":{"0":1,"1":1,"2":1,"3":1,"4":1,"5":1,"6":1,"7":1,"8":1,"9":3,"10":1,"11":1,"12":0,"13":0,"14":0,"15":1,"16":1,"17":1,"18":1,"19":1,"20":1,"21":1},"f":{"0":3,"1":1,"2":1,"3":0,"4":0,"5":0},"b":{"0":[1,0],"1":[1,1],"2":[1,0],"3":[1,1],"4":[1,0],"5":[1,1]}}
,"C:\\Users\\USER\\Desktop\\E-commerce-Riwi-SportsLine\\riwi-sportsline\\src\\order\\order.service.ts": {"path":"C:\\Users\\USER\\Desktop\\E-commerce-Riwi-SportsLine\\riwi-sportsline\\src\\order\\order.service.ts","statementMap":{"0":{"start":{"line":1,"column":0},"end":{"line":1,"column":63}},"1":{"start":{"line":2,"column":0},"end":{"line":2,"column":51}},"2":{"start":{"line":3,"column":0},"end":{"line":3,"column":37}},"3":{"start":{"line":4,"column":0},"end":{"line":4,"column":48}},"4":{"start":{"line":9,"column":7},"end":{"line":54,"column":null}},"5":{"start":{"line":12,"column":21},"end":{"line":12,"column":32}},"6":{"start":{"line":16,"column":18},"end":{"line":16,"column":55}},"7":{"start":{"line":17,"column":4},"end":{"line":17,"column":38}},"8":{"start":{"line":21,"column":4},"end":{"line":23,"column":7}},"9":{"start":{"line":27,"column":18},"end":{"line":30,"column":6}},"10":{"start":{"line":31,"column":4},"end":{"line":33,"column":5}},"11":{"start":{"line":32,"column":6},"end":{"line":32,"column":57}},"12":{"start":{"line":34,"column":4},"end":{"line":34,"column":17}},"13":{"start":{"line":39,"column":18},"end":{"line":39,"column":56}},"14":{"start":{"line":40,"column":4},"end":{"line":42,"column":5}},"15":{"start":{"line":41,"column":6},"end":{"line":41,"column":57}},"16":{"start":{"line":43,"column":4},"end":{"line":43,"column":52}},"17":{"start":{"line":44,"column":4},"end":{"line":44,"column":28}},"18":{"start":{"line":48,"column":18},"end":{"line":48,"column":56}},"19":{"start":{"line":49,"column":4},"end":{"line":51,"column":5}},"20":{"start":{"line":50,"column":6},"end":{"line":50,"column":57}},"21":{"start":{"line":52,"column":4},"end":{"line":52,"column":null}},"22":{"start":{"line":9,"column":13},"end":{"line":9,"column":25}},"23":{"start":{"line":9,"column":13},"end":{"line":54,"column":null}}},"fnMap":{"0":{"name":"(anonymous_4)","decl":{"start":{"line":10,"column":2},"end":{"line":10,"column":null}},"loc":{"start":{"line":12,"column":49},"end":{"line":13,"column":7}}},"1":{"name":"(anonymous_5)","decl":{"start":{"line":15,"column":2},"end":{"line":15,"column":7}},"loc":{"start":{"line":15,"column":45},"end":{"line":18,"column":3}}},"2":{"name":"(anonymous_6)","decl":{"start":{"line":20,"column":2},"end":{"line":20,"column":7}},"loc":{"start":{"line":20,"column":15},"end":{"line":24,"column":3}}},"3":{"name":"(anonymous_7)","decl":{"start":{"line":26,"column":2},"end":{"line":26,"column":7}},"loc":{"start":{"line":26,"column":26},"end":{"line":35,"column":3}}},"4":{"name":"(anonymous_8)","decl":{"start":{"line":38,"column":2},"end":{"line":38,"column":7}},"loc":{"start":{"line":38,"column":57},"end":{"line":45,"column":3}}},"5":{"name":"(anonymous_9)","decl":{"start":{"line":47,"column":2},"end":{"line":47,"column":7}},"loc":{"start":{"line":47,"column":25},"end":{"line":53,"column":3}}}},"branchMap":{"0":{"loc":{"start":{"line":31,"column":4},"end":{"line":33,"column":5}},"type":"if","locations":[{"start":{"line":31,"column":4},"end":{"line":33,"column":5}},{"start":{},"end":{}}]},"1":{"loc":{"start":{"line":40,"column":4},"end":{"line":42,"column":5}},"type":"if","locations":[{"start":{"line":40,"column":4},"end":{"line":42,"column":5}},{"start":{},"end":{}}]},"2":{"loc":{"start":{"line":49,"column":4},"end":{"line":51,"column":5}},"type":"if","locations":[{"start":{"line":49,"column":4},"end":{"line":51,"column":5}},{"start":{},"end":{}}]},"3":{"loc":{"start":{"line":12,"column":32},"end":{"line":12,"column":49}},"type":"cond-expr","locations":[{"start":{"line":12,"column":42},"end":{"line":12,"column":49}},{"start":{"line":12,"column":42},"end":{"line":12,"column":49}}]},"4":{"loc":{"start":{"line":12,"column":32},"end":{"line":12,"column":42}},"type":"binary-expr","locations":[{"start":{"line":12,"column":32},"end":{"line":12,"column":49}},{"start":{"line":12,"column":32},"end":{"line":12,"column":42}}]}},"s":{"0":2,"1":2,"2":2,"3":2,"4":2,"5":3,"6":1,"7":1,"8":1,"9":0,"10":0,"11":0,"12":0,"13":0,"14":0,"15":0,"16":0,"17":0,"18":0,"19":0,"20":0,"21":0,"22":2,"23":2},"f":{"0":3,"1":1,"2":1,"3":0,"4":0,"5":0},"b":{"0":[0,0],"1":[0,0],"2":[0,0],"3":[2,0],"4":[2,2]}}
,"C:\\Users\\USER\\Desktop\\E-commerce-Riwi-SportsLine\\riwi-sportsline\\src\\order\\dto\\create-order.dto.ts": {"path":"C:\\Users\\USER\\Desktop\\E-commerce-Riwi-SportsLine\\riwi-sportsline\\src\\order\\dto\\create-order.dto.ts","statementMap":{"0":{"start":{"line":1,"column":0},"end":{"line":1,"column":63}},"1":{"start":{"line":3,"column":0},"end":{"line":3,"column":null}},"2":{"start":{"line":4,"column":2},"end":{"line":4,"column":null}},"3":{"start":{"line":5,"column":2},"end":{"line":5,"column":null}},"4":{"start":{"line":6,"column":2},"end":{"line":6,"column":null}},"5":{"start":{"line":9,"column":0},"end":{"line":9,"column":13}},"6":{"start":{"line":11,"column":2},"end":{"line":11,"column":null}},"7":{"start":{"line":14,"column":2},"end":{"line":14,"column":null}},"8":{"start":{"line":17,"column":2},"end":{"line":17,"column":null}},"9":{"start":{"line":20,"column":2},"end":{"line":20,"column":null}},"10":{"start":{"line":23,"column":2},"end":{"line":23,"column":null}}},"fnMap":{"0":{"name":"(anonymous_2)","decl":{"start":{"line":3,"column":0},"end":{"line":3,"column":12}},"loc":{"start":{"line":3,"column":23},"end":{"line":7,"column":1}}}},"branchMap":{"0":{"loc":{"start":{"line":3,"column":12},"end":{"line":3,"column":null}},"type":"binary-expr","locations":[{"start":{"line":3,"column":12},"end":{"line":3,"column":23}},{"start":{"line":3,"column":23},"end":{"line":3,"column":null}}]},"1":{"loc":{"start":{"line":23,"column":14},"end":{"line":23,"column":19}},"type":"cond-expr","locations":[{"start":{"line":23,"column":18},"end":{"line":23,"column":19}},{"start":{"line":23,"column":18},"end":{"line":23,"column":19}}]},"2":{"loc":{"start":{"line":23,"column":14},"end":{"line":23,"column":18}},"type":"binary-expr","locations":[{"start":{"line":23,"column":14},"end":{"line":23,"column":19}},{"start":{"line":23,"column":14},"end":{"line":23,"column":18}}]}},"s":{"0":1,"1":1,"2":1,"3":1,"4":1,"5":1,"6":1,"7":1,"8":1,"9":1,"10":1},"f":{"0":1},"b":{"0":[1,1],"1":[1,0],"2":[1,1]}}
,"C:\\Users\\USER\\Desktop\\E-commerce-Riwi-SportsLine\\riwi-sportsline\\src\\order\\dto\\update-order.dto.ts": {"path":"C:\\Users\\USER\\Desktop\\E-commerce-Riwi-SportsLine\\riwi-sportsline\\src\\order\\dto\\update-order.dto.ts","statementMap":{"0":{"start":{"line":1,"column":0},"end":{"line":1,"column":51}},"1":{"start":{"line":2,"column":0},"end":{"line":2,"column":52}},"2":{"start":{"line":3,"column":0},"end":{"line":3,"column":53}},"3":{"start":{"line":4,"column":0},"end":{"line":4,"column":49}},"4":{"start":{"line":6,"column":0},"end":{"line":6,"column":13}},"5":{"start":{"line":9,"column":2},"end":{"line":9,"column":null}}},"fnMap":{},"branchMap":{"0":{"loc":{"start":{"line":9,"column":11},"end":{"line":9,"column":23}},"type":"cond-expr","locations":[{"start":{"line":9,"column":22},"end":{"line":9,"column":23}},{"start":{"line":9,"column":22},"end":{"line":9,"column":23}}]},"1":{"loc":{"start":{"line":9,"column":11},"end":{"line":9,"column":22}},"type":"binary-expr","locations":[{"start":{"line":9,"column":11},"end":{"line":9,"column":23}},{"start":{"line":9,"column":11},"end":{"line":9,"column":22}}]}},"s":{"0":1,"1":1,"2":1,"3":1,"4":1,"5":1},"f":{},"b":{"0":[0,1],"1":[1,1]}}
,"C:\\Users\\USER\\Desktop\\E-commerce-Riwi-SportsLine\\riwi-sportsline\\src\\order\\entities\\order.entity.ts": {"path":"C:\\Users\\USER\\Desktop\\E-commerce-Riwi-SportsLine\\riwi-sportsline\\src\\order\\entities\\order.entity.ts","statementMap":{"0":{"start":{"line":1,"column":0},"end":{"line":1,"column":61}},"1":{"start":{"line":2,"column":0},"end":{"line":2,"column":72}},"2":{"start":{"line":3,"column":0},"end":{"line":3,"column":55}},"3":{"start":{"line":4,"column":0},"end":{"line":4,"column":117}},"4":{"start":{"line":7,"column":7},"end":{"line":30,"column":null}},"5":{"start":{"line":7,"column":13},"end":{"line":7,"column":18}},"6":{"start":{"line":9,"column":4},"end":{"line":9,"column":null}},"7":{"start":{"line":13,"column":4},"end":{"line":13,"column":null}},"8":{"start":{"line":11,"column":21},"end":{"line":11,"column":27}},"9":{"start":{"line":11,"column":41},"end":{"line":11,"column":54}},"10":{"start":{"line":17,"column":4},"end":{"line":17,"column":null}},"11":{"start":{"line":15,"column":21},"end":{"line":15,"column":25}},"12":{"start":{"line":15,"column":37},"end":{"line":15,"column":48}},"13":{"start":{"line":20,"column":4},"end":{"line":20,"column":null}},"14":{"start":{"line":19,"column":21},"end":{"line":19,"column":30}},"15":{"start":{"line":19,"column":47},"end":{"line":19,"column":62}},"16":{"start":{"line":23,"column":4},"end":{"line":23,"column":null}},"17":{"start":{"line":26,"column":4},"end":{"line":26,"column":null}},"18":{"start":{"line":29,"column":4},"end":{"line":29,"column":null}},"19":{"start":{"line":7,"column":13},"end":{"line":30,"column":null}}},"fnMap":{"0":{"name":"(anonymous_2)","decl":{"start":{"line":11,"column":15},"end":{"line":11,"column":18}},"loc":{"start":{"line":11,"column":21},"end":{"line":11,"column":27}}},"1":{"name":"(anonymous_3)","decl":{"start":{"line":11,"column":29},"end":{"line":11,"column":30}},"loc":{"start":{"line":11,"column":41},"end":{"line":11,"column":54}}},"2":{"name":"(anonymous_4)","decl":{"start":{"line":15,"column":15},"end":{"line":15,"column":18}},"loc":{"start":{"line":15,"column":21},"end":{"line":15,"column":25}}},"3":{"name":"(anonymous_5)","decl":{"start":{"line":15,"column":27},"end":{"line":15,"column":28}},"loc":{"start":{"line":15,"column":37},"end":{"line":15,"column":48}}},"4":{"name":"(anonymous_6)","decl":{"start":{"line":19,"column":15},"end":{"line":19,"column":18}},"loc":{"start":{"line":19,"column":21},"end":{"line":19,"column":30}}},"5":{"name":"(anonymous_7)","decl":{"start":{"line":19,"column":32},"end":{"line":19,"column":33}},"loc":{"start":{"line":19,"column":47},"end":{"line":19,"column":62}}}},"branchMap":{"0":{"loc":{"start":{"line":13,"column":12},"end":{"line":13,"column":19}},"type":"cond-expr","locations":[{"start":{"line":13,"column":18},"end":{"line":13,"column":19}},{"start":{"line":13,"column":18},"end":{"line":13,"column":19}}]},"1":{"loc":{"start":{"line":13,"column":12},"end":{"line":13,"column":18}},"type":"binary-expr","locations":[{"start":{"line":13,"column":12},"end":{"line":13,"column":19}},{"start":{"line":13,"column":12},"end":{"line":13,"column":18}}]},"2":{"loc":{"start":{"line":17,"column":10},"end":{"line":17,"column":15}},"type":"cond-expr","locations":[{"start":{"line":17,"column":14},"end":{"line":17,"column":15}},{"start":{"line":17,"column":14},"end":{"line":17,"column":15}}]},"3":{"loc":{"start":{"line":17,"column":10},"end":{"line":17,"column":14}},"type":"binary-expr","locations":[{"start":{"line":17,"column":10},"end":{"line":17,"column":15}},{"start":{"line":17,"column":10},"end":{"line":17,"column":14}}]},"4":{"loc":{"start":{"line":29,"column":15},"end":{"line":29,"column":20}},"type":"cond-expr","locations":[{"start":{"line":29,"column":19},"end":{"line":29,"column":20}},{"start":{"line":29,"column":19},"end":{"line":29,"column":20}}]},"5":{"loc":{"start":{"line":29,"column":15},"end":{"line":29,"column":19}},"type":"binary-expr","locations":[{"start":{"line":29,"column":15},"end":{"line":29,"column":20}},{"start":{"line":29,"column":15},"end":{"line":29,"column":19}}]}},"s":{"0":12,"1":12,"2":12,"3":12,"4":12,"5":12,"6":12,"7":12,"8":0,"9":0,"10":12,"11":0,"12":0,"13":12,"14":0,"15":0,"16":12,"17":12,"18":12,"19":12},"f":{"0":0,"1":0,"2":0,"3":0,"4":0,"5":0},"b":{"0":[10,2],"1":[12,10],"2":[8,4],"3":[12,8],"4":[12,0],"5":[12,12]}}
,"C:\\Users\\USER\\Desktop\\E-commerce-Riwi-SportsLine\\riwi-sportsline\\src\\order_item\\order_item.controller.ts": {"path":"C:\\Users\\USER\\Desktop\\E-commerce-Riwi-SportsLine\\riwi-sportsline\\src\\order_item\\order_item.controller.ts","statementMap":{"0":{"start":{"line":1,"column":0},"end":{"line":1,"column":118}},"1":{"start":{"line":2,"column":0},"end":{"line":2,"column":84}},"2":{"start":{"line":3,"column":0},"end":{"line":3,"column":56}},"3":{"start":{"line":4,"column":0},"end":{"line":4,"column":65}},"4":{"start":{"line":5,"column":0},"end":{"line":5,"column":65}},"5":{"start":{"line":6,"column":0},"end":{"line":6,"column":61}},"6":{"start":{"line":7,"column":0},"end":{"line":7,"column":61}},"7":{"start":{"line":8,"column":0},"end":{"line":8,"column":56}},"8":{"start":{"line":14,"column":7},"end":{"line":70,"column":null}},"9":{"start":{"line":15,"column":31},"end":{"line":15,"column":49}},"10":{"start":{"line":24,"column":4},"end":{"line":24,"column":60}},"11":{"start":{"line":34,"column":4},"end":{"line":34,"column":43}},"12":{"start":{"line":45,"column":4},"end":{"line":45,"column":45}},"13":{"start":{"line":56,"column":4},"end":{"line":56,"column":64}},"14":{"start":{"line":68,"column":4},"end":{"line":68,"column":44}},"15":{"start":{"line":14,"column":13},"end":{"line":14,"column":32}},"16":{"start":{"line":23,"column":2},"end":{"line":25,"column":null}},"17":{"start":{"line":33,"column":2},"end":{"line":35,"column":null}},"18":{"start":{"line":44,"column":2},"end":{"line":46,"column":null}},"19":{"start":{"line":55,"column":2},"end":{"line":57,"column":null}},"20":{"start":{"line":67,"column":2},"end":{"line":69,"column":null}},"21":{"start":{"line":14,"column":13},"end":{"line":70,"column":null}}},"fnMap":{"0":{"name":"(anonymous_4)","decl":{"start":{"line":15,"column":2},"end":{"line":15,"column":31}},"loc":{"start":{"line":15,"column":65},"end":{"line":15,"column":69}}},"1":{"name":"(anonymous_5)","decl":{"start":{"line":23,"column":2},"end":{"line":23,"column":8}},"loc":{"start":{"line":23,"column":55},"end":{"line":25,"column":3}}},"2":{"name":"(anonymous_6)","decl":{"start":{"line":33,"column":2},"end":{"line":33,"column":9}},"loc":{"start":{"line":33,"column":9},"end":{"line":35,"column":3}}},"3":{"name":"(anonymous_7)","decl":{"start":{"line":44,"column":2},"end":{"line":44,"column":9}},"loc":{"start":{"line":44,"column":47},"end":{"line":46,"column":3}}},"4":{"name":"(anonymous_8)","decl":{"start":{"line":55,"column":2},"end":{"line":55,"column":8}},"loc":{"start":{"line":55,"column":94},"end":{"line":57,"column":3}}},"5":{"name":"(anonymous_9)","decl":{"start":{"line":67,"column":2},"end":{"line":67,"column":8}},"loc":{"start":{"line":67,"column":46},"end":{"line":69,"column":3}}}},"branchMap":{"0":{"loc":{"start":{"line":23,"column":37},"end":{"line":23,"column":null}},"type":"cond-expr","locations":[{"start":{"line":23,"column":55},"end":{"line":23,"column":null}},{"start":{"line":23,"column":55},"end":{"line":23,"column":null}}]},"1":{"loc":{"start":{"line":23,"column":37},"end":{"line":23,"column":55}},"type":"binary-expr","locations":[{"start":{"line":23,"column":37},"end":{"line":23,"column":null}},{"start":{"line":23,"column":37},"end":{"line":23,"column":55}}]},"2":{"loc":{"start":{"line":55,"column":76},"end":{"line":55,"column":null}},"type":"cond-expr","locations":[{"start":{"line":55,"column":94},"end":{"line":55,"column":null}},{"start":{"line":55,"column":94},"end":{"line":55,"column":null}}]},"3":{"loc":{"start":{"line":55,"column":76},"end":{"line":55,"column":94}},"type":"binary-expr","locations":[{"start":{"line":55,"column":76},"end":{"line":55,"column":null}},{"start":{"line":55,"column":76},"end":{"line":55,"column":94}}]},"4":{"loc":{"start":{"line":15,"column":49},"end":{"line":15,"column":68}},"type":"cond-expr","locations":[{"start":{"line":15,"column":65},"end":{"line":15,"column":68}},{"start":{"line":15,"column":65},"end":{"line":15,"column":68}}]},"5":{"loc":{"start":{"line":15,"column":49},"end":{"line":15,"column":65}},"type":"binary-expr","locations":[{"start":{"line":15,"column":49},"end":{"line":15,"column":68}},{"start":{"line":15,"column":49},"end":{"line":15,"column":65}}]}},"s":{"0":1,"1":1,"2":1,"3":1,"4":1,"5":1,"6":1,"7":1,"8":1,"9":3,"10":1,"11":1,"12":0,"13":0,"14":0,"15":1,"16":1,"17":1,"18":1,"19":1,"20":1,"21":1},"f":{"0":3,"1":1,"2":1,"3":0,"4":0,"5":0},"b":{"0":[1,0],"1":[1,1],"2":[1,0],"3":[1,1],"4":[1,0],"5":[1,1]}}
,"C:\\Users\\USER\\Desktop\\E-commerce-Riwi-SportsLine\\riwi-sportsline\\src\\order_item\\order_item.service.ts": {"path":"C:\\Users\\USER\\Desktop\\E-commerce-Riwi-SportsLine\\riwi-sportsline\\src\\order_item\\order_item.service.ts","statementMap":{"0":{"start":{"line":1,"column":0},"end":{"line":1,"column":63}},"1":{"start":{"line":2,"column":0},"end":{"line":2,"column":51}},"2":{"start":{"line":3,"column":0},"end":{"line":3,"column":37}},"3":{"start":{"line":4,"column":0},"end":{"line":4,"column":57}},"4":{"start":{"line":9,"column":7},"end":{"line":47,"column":null}},"5":{"start":{"line":12,"column":21},"end":{"line":12,"column":36}},"6":{"start":{"line":16,"column":22},"end":{"line":16,"column":67}},"7":{"start":{"line":17,"column":4},"end":{"line":17,"column":46}},"8":{"start":{"line":21,"column":4},"end":{"line":23,"column":7}},"9":{"start":{"line":27,"column":22},"end":{"line":30,"column":6}},"10":{"start":{"line":31,"column":4},"end":{"line":33,"column":5}},"11":{"start":{"line":32,"column":6},"end":{"line":32,"column":61}},"12":{"start":{"line":34,"column":4},"end":{"line":34,"column":21}},"13":{"start":{"line":38,"column":22},"end":{"line":38,"column":44}},"14":{"start":{"line":39,"column":4},"end":{"line":39,"column":49}},"15":{"start":{"line":40,"column":4},"end":{"line":40,"column":46}},"16":{"start":{"line":44,"column":22},"end":{"line":44,"column":44}},"17":{"start":{"line":45,"column":4},"end":{"line":45,"column":47}},"18":{"start":{"line":9,"column":13},"end":{"line":9,"column":29}},"19":{"start":{"line":9,"column":13},"end":{"line":47,"column":null}}},"fnMap":{"0":{"name":"(anonymous_4)","decl":{"start":{"line":10,"column":2},"end":{"line":10,"column":null}},"loc":{"start":{"line":12,"column":57},"end":{"line":13,"column":6}}},"1":{"name":"(anonymous_5)","decl":{"start":{"line":15,"column":2},"end":{"line":15,"column":7}},"loc":{"start":{"line":15,"column":53},"end":{"line":18,"column":3}}},"2":{"name":"(anonymous_6)","decl":{"start":{"line":20,"column":2},"end":{"line":20,"column":7}},"loc":{"start":{"line":20,"column":15},"end":{"line":24,"column":3}}},"3":{"name":"(anonymous_7)","decl":{"start":{"line":26,"column":2},"end":{"line":26,"column":7}},"loc":{"start":{"line":26,"column":26},"end":{"line":35,"column":3}}},"4":{"name":"(anonymous_8)","decl":{"start":{"line":37,"column":2},"end":{"line":37,"column":7}},"loc":{"start":{"line":37,"column":65},"end":{"line":41,"column":3}}},"5":{"name":"(anonymous_9)","decl":{"start":{"line":43,"column":2},"end":{"line":43,"column":7}},"loc":{"start":{"line":43,"column":25},"end":{"line":46,"column":3}}}},"branchMap":{"0":{"loc":{"start":{"line":31,"column":4},"end":{"line":33,"column":5}},"type":"if","locations":[{"start":{"line":31,"column":4},"end":{"line":33,"column":5}},{"start":{},"end":{}}]},"1":{"loc":{"start":{"line":12,"column":36},"end":{"line":12,"column":57}},"type":"cond-expr","locations":[{"start":{"line":12,"column":46},"end":{"line":12,"column":57}},{"start":{"line":12,"column":46},"end":{"line":12,"column":57}}]},"2":{"loc":{"start":{"line":12,"column":36},"end":{"line":12,"column":46}},"type":"binary-expr","locations":[{"start":{"line":12,"column":36},"end":{"line":12,"column":57}},{"start":{"line":12,"column":36},"end":{"line":12,"column":46}}]}},"s":{"0":2,"1":2,"2":2,"3":2,"4":2,"5":2,"6":1,"7":1,"8":0,"9":0,"10":0,"11":0,"12":0,"13":0,"14":0,"15":0,"16":0,"17":0,"18":2,"19":2},"f":{"0":2,"1":1,"2":0,"3":0,"4":0,"5":0},"b":{"0":[0,0],"1":[2,0],"2":[2,2]}}
,"C:\\Users\\USER\\Desktop\\E-commerce-Riwi-SportsLine\\riwi-sportsline\\src\\order_item\\dto\\create-order_item.dto.ts": {"path":"C:\\Users\\USER\\Desktop\\E-commerce-Riwi-SportsLine\\riwi-sportsline\\src\\order_item\\dto\\create-order_item.dto.ts","statementMap":{"0":{"start":{"line":1,"column":0},"end":{"line":1,"column":48}},"1":{"start":{"line":3,"column":0},"end":{"line":3,"column":13}},"2":{"start":{"line":6,"column":2},"end":{"line":6,"column":null}},"3":{"start":{"line":10,"column":2},"end":{"line":10,"column":null}},"4":{"start":{"line":13,"column":2},"end":{"line":13,"column":null}},"5":{"start":{"line":16,"column":2},"end":{"line":16,"column":null}}},"fnMap":{},"branchMap":{},"s":{"0":1,"1":1,"2":1,"3":1,"4":1,"5":1},"f":{},"b":{}}
,"C:\\Users\\USER\\Desktop\\E-commerce-Riwi-SportsLine\\riwi-sportsline\\src\\order_item\\dto\\update-order_item.dto.ts": {"path":"C:\\Users\\USER\\Desktop\\E-commerce-Riwi-SportsLine\\riwi-sportsline\\src\\order_item\\dto\\update-order_item.dto.ts","statementMap":{"0":{"start":{"line":1,"column":0},"end":{"line":1,"column":51}},"1":{"start":{"line":2,"column":0},"end":{"line":2,"column":61}},"2":{"start":{"line":3,"column":0},"end":{"line":3,"column":60}},"3":{"start":{"line":5,"column":0},"end":{"line":5,"column":13}},"4":{"start":{"line":9,"column":2},"end":{"line":9,"column":null}},"5":{"start":{"line":14,"column":2},"end":{"line":14,"column":null}}},"fnMap":{},"branchMap":{},"s":{"0":1,"1":1,"2":1,"3":1,"4":1,"5":1},"f":{},"b":{}}
,"C:\\Users\\USER\\Desktop\\E-commerce-Riwi-SportsLine\\riwi-sportsline\\src\\order_item\\entities\\order_item.entity.ts": {"path":"C:\\Users\\USER\\Desktop\\E-commerce-Riwi-SportsLine\\riwi-sportsline\\src\\order_item\\entities\\order_item.entity.ts","statementMap":{"0":{"start":{"line":1,"column":0},"end":{"line":1,"column":58}},"1":{"start":{"line":2,"column":0},"end":{"line":2,"column":64}},"2":{"start":{"line":3,"column":0},"end":{"line":3,"column":89}},"3":{"start":{"line":6,"column":7},"end":{"line":21,"column":null}},"4":{"start":{"line":6,"column":13},"end":{"line":6,"column":22}},"5":{"start":{"line":8,"column":4},"end":{"line":8,"column":null}},"6":{"start":{"line":11,"column":4},"end":{"line":11,"column":null}},"7":{"start":{"line":10,"column":21},"end":{"line":10,"column":26}},"8":{"start":{"line":10,"column":39},"end":{"line":10,"column":55}},"9":{"start":{"line":14,"column":4},"end":{"line":14,"column":null}},"10":{"start":{"line":13,"column":21},"end":{"line":13,"column":28}},"11":{"start":{"line":17,"column":4},"end":{"line":17,"column":null}},"12":{"start":{"line":20,"column":4},"end":{"line":20,"column":null}},"13":{"start":{"line":6,"column":13},"end":{"line":21,"column":null}}},"fnMap":{"0":{"name":"(anonymous_2)","decl":{"start":{"line":10,"column":15},"end":{"line":10,"column":18}},"loc":{"start":{"line":10,"column":21},"end":{"line":10,"column":26}}},"1":{"name":"(anonymous_3)","decl":{"start":{"line":10,"column":28},"end":{"line":10,"column":29}},"loc":{"start":{"line":10,"column":39},"end":{"line":10,"column":55}}},"2":{"name":"(anonymous_4)","decl":{"start":{"line":13,"column":15},"end":{"line":13,"column":18}},"loc":{"start":{"line":13,"column":21},"end":{"line":13,"column":28}}}},"branchMap":{"0":{"loc":{"start":{"line":11,"column":10},"end":{"line":11,"column":16}},"type":"cond-expr","locations":[{"start":{"line":11,"column":15},"end":{"line":11,"column":16}},{"start":{"line":11,"column":15},"end":{"line":11,"column":16}}]},"1":{"loc":{"start":{"line":11,"column":10},"end":{"line":11,"column":15}},"type":"binary-expr","locations":[{"start":{"line":11,"column":10},"end":{"line":11,"column":16}},{"start":{"line":11,"column":10},"end":{"line":11,"column":15}}]},"2":{"loc":{"start":{"line":14,"column":13},"end":{"line":14,"column":21}},"type":"cond-expr","locations":[{"start":{"line":14,"column":20},"end":{"line":14,"column":21}},{"start":{"line":14,"column":20},"end":{"line":14,"column":21}}]},"3":{"loc":{"start":{"line":14,"column":13},"end":{"line":14,"column":20}},"type":"binary-expr","locations":[{"start":{"line":14,"column":13},"end":{"line":14,"column":21}},{"start":{"line":14,"column":13},"end":{"line":14,"column":20}}]}},"s":{"0":12,"1":12,"2":12,"3":12,"4":12,"5":12,"6":12,"7":0,"8":0,"9":12,"10":0,"11":12,"12":12,"13":12},"f":{"0":0,"1":0,"2":0},"b":{"0":[4,8],"1":[12,4],"2":[10,2],"3":[12,10]}}
,"C:\\Users\\USER\\Desktop\\E-commerce-Riwi-SportsLine\\riwi-sportsline\\src\\product\\product.controller.ts": {"path":"C:\\Users\\USER\\Desktop\\E-commerce-Riwi-SportsLine\\riwi-sportsline\\src\\product\\product.controller.ts","statementMap":{"0":{"start":{"line":1,"column":0},"end":{"line":1,"column":118}},"1":{"start":{"line":2,"column":0},"end":{"line":2,"column":84}},"2":{"start":{"line":3,"column":0},"end":{"line":3,"column":51}},"3":{"start":{"line":4,"column":0},"end":{"line":4,"column":60}},"4":{"start":{"line":5,"column":0},"end":{"line":5,"column":60}},"5":{"start":{"line":6,"column":0},"end":{"line":6,"column":61}},"6":{"start":{"line":7,"column":0},"end":{"line":7,"column":61}},"7":{"start":{"line":8,"column":0},"end":{"line":8,"column":56}},"8":{"start":{"line":14,"column":7},"end":{"line":70,"column":null}},"9":{"start":{"line":15,"column":31},"end":{"line":15,"column":47}},"10":{"start":{"line":24,"column":4},"end":{"line":24,"column":56}},"11":{"start":{"line":34,"column":4},"end":{"line":34,"column":41}},"12":{"start":{"line":45,"column":4},"end":{"line":45,"column":43}},"13":{"start":{"line":56,"column":4},"end":{"line":56,"column":60}},"14":{"start":{"line":68,"column":4},"end":{"line":68,"column":42}},"15":{"start":{"line":14,"column":13},"end":{"line":14,"column":30}},"16":{"start":{"line":23,"column":2},"end":{"line":25,"column":null}},"17":{"start":{"line":33,"column":2},"end":{"line":35,"column":null}},"18":{"start":{"line":44,"column":2},"end":{"line":46,"column":null}},"19":{"start":{"line":55,"column":2},"end":{"line":57,"column":null}},"20":{"start":{"line":67,"column":2},"end":{"line":69,"column":null}},"21":{"start":{"line":14,"column":13},"end":{"line":70,"column":null}}},"fnMap":{"0":{"name":"(anonymous_4)","decl":{"start":{"line":15,"column":2},"end":{"line":15,"column":31}},"loc":{"start":{"line":15,"column":61},"end":{"line":15,"column":65}}},"1":{"name":"(anonymous_5)","decl":{"start":{"line":23,"column":2},"end":{"line":23,"column":8}},"loc":{"start":{"line":23,"column":51},"end":{"line":25,"column":3}}},"2":{"name":"(anonymous_6)","decl":{"start":{"line":33,"column":2},"end":{"line":33,"column":9}},"loc":{"start":{"line":33,"column":9},"end":{"line":35,"column":3}}},"3":{"name":"(anonymous_7)","decl":{"start":{"line":44,"column":2},"end":{"line":44,"column":9}},"loc":{"start":{"line":44,"column":47},"end":{"line":46,"column":3}}},"4":{"name":"(anonymous_8)","decl":{"start":{"line":55,"column":2},"end":{"line":55,"column":8}},"loc":{"start":{"line":55,"column":90},"end":{"line":57,"column":3}}},"5":{"name":"(anonymous_9)","decl":{"start":{"line":67,"column":2},"end":{"line":67,"column":8}},"loc":{"start":{"line":67,"column":46},"end":{"line":69,"column":3}}}},"branchMap":{"0":{"loc":{"start":{"line":23,"column":35},"end":{"line":23,"column":null}},"type":"cond-expr","locations":[{"start":{"line":23,"column":51},"end":{"line":23,"column":null}},{"start":{"line":23,"column":51},"end":{"line":23,"column":null}}]},"1":{"loc":{"start":{"line":23,"column":35},"end":{"line":23,"column":51}},"type":"binary-expr","locations":[{"start":{"line":23,"column":35},"end":{"line":23,"column":null}},{"start":{"line":23,"column":35},"end":{"line":23,"column":51}}]},"2":{"loc":{"start":{"line":55,"column":74},"end":{"line":55,"column":null}},"type":"cond-expr","locations":[{"start":{"line":55,"column":90},"end":{"line":55,"column":null}},{"start":{"line":55,"column":90},"end":{"line":55,"column":null}}]},"3":{"loc":{"start":{"line":55,"column":74},"end":{"line":55,"column":90}},"type":"binary-expr","locations":[{"start":{"line":55,"column":74},"end":{"line":55,"column":null}},{"start":{"line":55,"column":74},"end":{"line":55,"column":90}}]},"4":{"loc":{"start":{"line":15,"column":47},"end":{"line":15,"column":64}},"type":"cond-expr","locations":[{"start":{"line":15,"column":61},"end":{"line":15,"column":64}},{"start":{"line":15,"column":61},"end":{"line":15,"column":64}}]},"5":{"loc":{"start":{"line":15,"column":47},"end":{"line":15,"column":61}},"type":"binary-expr","locations":[{"start":{"line":15,"column":47},"end":{"line":15,"column":64}},{"start":{"line":15,"column":47},"end":{"line":15,"column":61}}]}},"s":{"0":1,"1":1,"2":1,"3":1,"4":1,"5":1,"6":1,"7":1,"8":1,"9":3,"10":1,"11":1,"12":0,"13":0,"14":0,"15":1,"16":1,"17":1,"18":1,"19":1,"20":1,"21":1},"f":{"0":3,"1":1,"2":1,"3":0,"4":0,"5":0},"b":{"0":[1,0],"1":[1,1],"2":[1,0],"3":[1,1],"4":[1,0],"5":[1,1]}}
,"C:\\Users\\USER\\Desktop\\E-commerce-Riwi-SportsLine\\riwi-sportsline\\src\\product\\product.service.ts": {"path":"C:\\Users\\USER\\Desktop\\E-commerce-Riwi-SportsLine\\riwi-sportsline\\src\\product\\product.service.ts","statementMap":{"0":{"start":{"line":1,"column":0},"end":{"line":1,"column":63}},"1":{"start":{"line":4,"column":0},"end":{"line":4,"column":51}},"2":{"start":{"line":5,"column":0},"end":{"line":5,"column":37}},"3":{"start":{"line":6,"column":0},"end":{"line":6,"column":52}},"4":{"start":{"line":9,"column":7},"end":{"line":45,"column":null}},"5":{"start":{"line":12,"column":21},"end":{"line":12,"column":34}},"6":{"start":{"line":16,"column":20},"end":{"line":16,"column":61}},"7":{"start":{"line":17,"column":4},"end":{"line":17,"column":42}},"8":{"start":{"line":21,"column":4},"end":{"line":21,"column":35}},"9":{"start":{"line":25,"column":20},"end":{"line":25,"column":60}},"10":{"start":{"line":26,"column":4},"end":{"line":28,"column":5}},"11":{"start":{"line":27,"column":6},"end":{"line":27,"column":null}},"12":{"start":{"line":29,"column":4},"end":{"line":29,"column":19}},"13":{"start":{"line":33,"column":20},"end":{"line":33,"column":42}},"14":{"start":{"line":34,"column":4},"end":{"line":34,"column":45}},"15":{"start":{"line":35,"column":4},"end":{"line":35,"column":42}},"16":{"start":{"line":39,"column":20},"end":{"line":39,"column":60}},"17":{"start":{"line":40,"column":4},"end":{"line":42,"column":5}},"18":{"start":{"line":41,"column":6},"end":{"line":41,"column":null}},"19":{"start":{"line":43,"column":4},"end":{"line":43,"column":null}},"20":{"start":{"line":9,"column":13},"end":{"line":9,"column":27}},"21":{"start":{"line":9,"column":13},"end":{"line":45,"column":null}}},"fnMap":{"0":{"name":"(anonymous_4)","decl":{"start":{"line":10,"column":2},"end":{"line":10,"column":null}},"loc":{"start":{"line":12,"column":53},"end":{"line":13,"column":7}}},"1":{"name":"(anonymous_5)","decl":{"start":{"line":15,"column":2},"end":{"line":15,"column":7}},"loc":{"start":{"line":15,"column":49},"end":{"line":18,"column":3}}},"2":{"name":"(anonymous_6)","decl":{"start":{"line":20,"column":2},"end":{"line":20,"column":7}},"loc":{"start":{"line":20,"column":15},"end":{"line":22,"column":3}}},"3":{"name":"(anonymous_7)","decl":{"start":{"line":24,"column":2},"end":{"line":24,"column":7}},"loc":{"start":{"line":24,"column":26},"end":{"line":30,"column":3}}},"4":{"name":"(anonymous_8)","decl":{"start":{"line":32,"column":2},"end":{"line":32,"column":7}},"loc":{"start":{"line":32,"column":61},"end":{"line":36,"column":3}}},"5":{"name":"(anonymous_9)","decl":{"start":{"line":38,"column":2},"end":{"line":38,"column":7}},"loc":{"start":{"line":38,"column":25},"end":{"line":44,"column":3}}}},"branchMap":{"0":{"loc":{"start":{"line":26,"column":4},"end":{"line":28,"column":5}},"type":"if","locations":[{"start":{"line":26,"column":4},"end":{"line":28,"column":5}},{"start":{},"end":{}}]},"1":{"loc":{"start":{"line":40,"column":4},"end":{"line":42,"column":5}},"type":"if","locations":[{"start":{"line":40,"column":4},"end":{"line":42,"column":5}},{"start":{},"end":{}}]},"2":{"loc":{"start":{"line":12,"column":34},"end":{"line":12,"column":53}},"type":"cond-expr","locations":[{"start":{"line":12,"column":44},"end":{"line":12,"column":53}},{"start":{"line":12,"column":44},"end":{"line":12,"column":53}}]},"3":{"loc":{"start":{"line":12,"column":34},"end":{"line":12,"column":44}},"type":"binary-expr","locations":[{"start":{"line":12,"column":34},"end":{"line":12,"column":53}},{"start":{"line":12,"column":34},"end":{"line":12,"column":44}}]}},"s":{"0":2,"1":2,"2":2,"3":2,"4":2,"5":3,"6":1,"7":1,"8":1,"9":0,"10":0,"11":0,"12":0,"13":0,"14":0,"15":0,"16":0,"17":0,"18":0,"19":0,"20":2,"21":2},"f":{"0":3,"1":1,"2":1,"3":0,"4":0,"5":0},"b":{"0":[0,0],"1":[0,0],"2":[2,0],"3":[2,2]}}
,"C:\\Users\\USER\\Desktop\\E-commerce-Riwi-SportsLine\\riwi-sportsline\\src\\product\\dto\\create-product.dto.ts": {"path":"C:\\Users\\USER\\Desktop\\E-commerce-Riwi-SportsLine\\riwi-sportsline\\src\\product\\dto\\create-product.dto.ts","statementMap":{"0":{"start":{"line":1,"column":0},"end":{"line":1,"column":70}},"1":{"start":{"line":3,"column":0},"end":{"line":3,"column":13}},"2":{"start":{"line":6,"column":2},"end":{"line":6,"column":null}},"3":{"start":{"line":10,"column":2},"end":{"line":10,"column":null}},"4":{"start":{"line":14,"column":2},"end":{"line":14,"column":null}},"5":{"start":{"line":18,"column":2},"end":{"line":18,"column":null}},"6":{"start":{"line":22,"column":2},"end":{"line":22,"column":null}}},"fnMap":{},"branchMap":{},"s":{"0":1,"1":1,"2":1,"3":1,"4":1,"5":1,"6":1},"f":{},"b":{}}
,"C:\\Users\\USER\\Desktop\\E-commerce-Riwi-SportsLine\\riwi-sportsline\\src\\product\\dto\\update-product.dto.ts": {"path":"C:\\Users\\USER\\Desktop\\E-commerce-Riwi-SportsLine\\riwi-sportsline\\src\\product\\dto\\update-product.dto.ts","statementMap":{"0":{"start":{"line":1,"column":0},"end":{"line":1,"column":51}},"1":{"start":{"line":2,"column":0},"end":{"line":2,"column":56}},"2":{"start":{"line":3,"column":0},"end":{"line":3,"column":60}},"3":{"start":{"line":5,"column":0},"end":{"line":5,"column":13}},"4":{"start":{"line":9,"column":2},"end":{"line":9,"column":null}},"5":{"start":{"line":14,"column":2},"end":{"line":14,"column":null}}},"fnMap":{},"branchMap":{},"s":{"0":1,"1":1,"2":1,"3":1,"4":1,"5":1},"f":{},"b":{}}
,"C:\\Users\\USER\\Desktop\\E-commerce-Riwi-SportsLine\\riwi-sportsline\\src\\product\\entities\\product.entity.ts": {"path":"C:\\Users\\USER\\Desktop\\E-commerce-Riwi-SportsLine\\riwi-sportsline\\src\\product\\entities\\product.entity.ts","statementMap":{"0":{"start":{"line":1,"column":0},"end":{"line":1,"column":72}},"1":{"start":{"line":2,"column":0},"end":{"line":2,"column":76}},"2":{"start":{"line":5,"column":7},"end":{"line":32,"column":null}},"3":{"start":{"line":5,"column":13},"end":{"line":5,"column":20}},"4":{"start":{"line":7,"column":4},"end":{"line":7,"column":null}},"5":{"start":{"line":10,"column":4},"end":{"line":10,"column":null}},"6":{"start":{"line":13,"column":4},"end":{"line":13,"column":null}},"7":{"start":{"line":16,"column":4},"end":{"line":16,"column":null}},"8":{"start":{"line":19,"column":4},"end":{"line":19,"column":null}},"9":{"start":{"line":22,"column":4},"end":{"line":22,"column":null}},"10":{"start":{"line":25,"column":4},"end":{"line":25,"column":null}},"11":{"start":{"line":24,"column":66},"end":{"line":24,"column":85}},"12":{"start":{"line":28,"column":4},"end":{"line":28,"column":null}},"13":{"start":{"line":27,"column":66},"end":{"line":27,"column":85}},"14":{"start":{"line":31,"column":4},"end":{"line":31,"column":null}},"15":{"start":{"line":30,"column":21},"end":{"line":30,"column":30}},"16":{"start":{"line":30,"column":47},"end":{"line":30,"column":64}},"17":{"start":{"line":5,"column":13},"end":{"line":32,"column":null}}},"fnMap":{"0":{"name":"(anonymous_2)","decl":{"start":{"line":24,"column":60},"end":{"line":24,"column":63}},"loc":{"start":{"line":24,"column":66},"end":{"line":24,"column":85}}},"1":{"name":"(anonymous_3)","decl":{"start":{"line":27,"column":60},"end":{"line":27,"column":63}},"loc":{"start":{"line":27,"column":66},"end":{"line":27,"column":85}}},"2":{"name":"(anonymous_4)","decl":{"start":{"line":30,"column":15},"end":{"line":30,"column":18}},"loc":{"start":{"line":30,"column":21},"end":{"line":30,"column":30}}},"3":{"name":"(anonymous_5)","decl":{"start":{"line":30,"column":32},"end":{"line":30,"column":33}},"loc":{"start":{"line":30,"column":47},"end":{"line":30,"column":64}}}},"branchMap":{"0":{"loc":{"start":{"line":25,"column":15},"end":{"line":25,"column":20}},"type":"cond-expr","locations":[{"start":{"line":25,"column":19},"end":{"line":25,"column":20}},{"start":{"line":25,"column":19},"end":{"line":25,"column":20}}]},"1":{"loc":{"start":{"line":25,"column":15},"end":{"line":25,"column":19}},"type":"binary-expr","locations":[{"start":{"line":25,"column":15},"end":{"line":25,"column":20}},{"start":{"line":25,"column":15},"end":{"line":25,"column":19}}]},"2":{"loc":{"start":{"line":28,"column":15},"end":{"line":28,"column":20}},"type":"cond-expr","locations":[{"start":{"line":28,"column":19},"end":{"line":28,"column":20}},{"start":{"line":28,"column":19},"end":{"line":28,"column":20}}]},"3":{"loc":{"start":{"line":28,"column":15},"end":{"line":28,"column":19}},"type":"binary-expr","locations":[{"start":{"line":28,"column":15},"end":{"line":28,"column":20}},{"start":{"line":28,"column":15},"end":{"line":28,"column":19}}]}},"s":{"0":12,"1":12,"2":12,"3":12,"4":12,"5":12,"6":12,"7":12,"8":12,"9":12,"10":12,"11":0,"12":12,"13":0,"14":12,"15":0,"16":0,"17":12},"f":{"0":0,"1":0,"2":0,"3":0},"b":{"0":[12,0],"1":[12,12],"2":[12,0],"3":[12,12]}}
,"C:\\Users\\USER\\Desktop\\E-commerce-Riwi-SportsLine\\riwi-sportsline\\src\\roles\\entities\\role.entity.ts": {"path":"C:\\Users\\USER\\Desktop\\E-commerce-Riwi-SportsLine\\riwi-sportsline\\src\\roles\\entities\\role.entity.ts","statementMap":{"0":{"start":{"line":1,"column":0},"end":{"line":1,"column":55}},"1":{"start":{"line":2,"column":0},"end":{"line":2,"column":76}},"2":{"start":{"line":5,"column":7},"end":{"line":14,"column":null}},"3":{"start":{"line":5,"column":13},"end":{"line":5,"column":17}},"4":{"start":{"line":7,"column":4},"end":{"line":7,"column":null}},"5":{"start":{"line":10,"column":4},"end":{"line":10,"column":null}},"6":{"start":{"line":13,"column":4},"end":{"line":13,"column":null}},"7":{"start":{"line":12,"column":21},"end":{"line":12,"column":25}},"8":{"start":{"line":12,"column":37},"end":{"line":12,"column":46}},"9":{"start":{"line":5,"column":13},"end":{"line":14,"column":null}}},"fnMap":{"0":{"name":"(anonymous_2)","decl":{"start":{"line":12,"column":15},"end":{"line":12,"column":18}},"loc":{"start":{"line":12,"column":21},"end":{"line":12,"column":25}}},"1":{"name":"(anonymous_3)","decl":{"start":{"line":12,"column":27},"end":{"line":12,"column":28}},"loc":{"start":{"line":12,"column":37},"end":{"line":12,"column":46}}}},"branchMap":{},"s":{"0":12,"1":12,"2":12,"3":12,"4":12,"5":12,"6":12,"7":0,"8":0,"9":12},"f":{"0":0,"1":0},"b":{}}
,"C:\\Users\\USER\\Desktop\\E-commerce-Riwi-SportsLine\\riwi-sportsline\\src\\user\\user.controller.ts": {"path":"C:\\Users\\USER\\Desktop\\E-commerce-Riwi-SportsLine\\riwi-sportsline\\src\\user\\user.controller.ts","statementMap":{"0":{"start":{"line":1,"column":0},"end":{"line":1,"column":94}},"1":{"start":{"line":2,"column":0},"end":{"line":2,"column":84}},"2":{"start":{"line":3,"column":0},"end":{"line":3,"column":45}},"3":{"start":{"line":4,"column":0},"end":{"line":4,"column":54}},"4":{"start":{"line":5,"column":0},"end":{"line":5,"column":61}},"5":{"start":{"line":6,"column":0},"end":{"line":6,"column":54}},"6":{"start":{"line":7,"column":0},"end":{"line":7,"column":61}},"7":{"start":{"line":8,"column":0},"end":{"line":8,"column":56}},"8":{"start":{"line":14,"column":7},"end":{"line":64,"column":null}},"9":{"start":{"line":15,"column":31},"end":{"line":15,"column":45}},"10":{"start":{"line":22,"column":4},"end":{"line":22,"column":41}},"11":{"start":{"line":30,"column":4},"end":{"line":30,"column":39}},"12":{"start":{"line":38,"column":4},"end":{"line":38,"column":null}},"13":{"start":{"line":46,"column":4},"end":{"line":46,"column":41}},"14":{"start":{"line":54,"column":4},"end":{"line":54,"column":55}},"15":{"start":{"line":62,"column":4},"end":{"line":62,"column":40}},"16":{"start":{"line":14,"column":13},"end":{"line":14,"column":27}},"17":{"start":{"line":21,"column":8},"end":{"line":23,"column":null}},"18":{"start":{"line":29,"column":8},"end":{"line":31,"column":null}},"19":{"start":{"line":37,"column":8},"end":{"line":39,"column":null}},"20":{"start":{"line":45,"column":8},"end":{"line":47,"column":null}},"21":{"start":{"line":53,"column":8},"end":{"line":55,"column":null}},"22":{"start":{"line":61,"column":8},"end":{"line":63,"column":null}},"23":{"start":{"line":14,"column":13},"end":{"line":64,"column":null}}},"fnMap":{"0":{"name":"(anonymous_4)","decl":{"start":{"line":15,"column":2},"end":{"line":15,"column":31}},"loc":{"start":{"line":15,"column":56},"end":{"line":15,"column":60}}},"1":{"name":"(anonymous_5)","decl":{"start":{"line":21,"column":8},"end":{"line":21,"column":14}},"loc":{"start":{"line":21,"column":41},"end":{"line":23,"column":3}}},"2":{"name":"(anonymous_6)","decl":{"start":{"line":29,"column":8},"end":{"line":29,"column":15}},"loc":{"start":{"line":29,"column":15},"end":{"line":31,"column":3}}},"3":{"name":"(anonymous_7)","decl":{"start":{"line":37,"column":8},"end":{"line":37,"column":19}},"loc":{"start":{"line":37,"column":49},"end":{"line":39,"column":3}}},"4":{"name":"(anonymous_8)","decl":{"start":{"line":45,"column":8},"end":{"line":45,"column":15}},"loc":{"start":{"line":45,"column":39},"end":{"line":47,"column":3}}},"5":{"name":"(anonymous_9)","decl":{"start":{"line":53,"column":8},"end":{"line":53,"column":14}},"loc":{"start":{"line":53,"column":89},"end":{"line":55,"column":3}}},"6":{"name":"(anonymous_10)","decl":{"start":{"line":61,"column":8},"end":{"line":61,"column":14}},"loc":{"start":{"line":61,"column":38},"end":{"line":63,"column":3}}}},"branchMap":{"0":{"loc":{"start":{"line":21,"column":28},"end":{"line":21,"column":null}},"type":"cond-expr","locations":[{"start":{"line":21,"column":41},"end":{"line":21,"column":null}},{"start":{"line":21,"column":41},"end":{"line":21,"column":null}}]},"1":{"loc":{"start":{"line":21,"column":28},"end":{"line":21,"column":41}},"type":"binary-expr","locations":[{"start":{"line":21,"column":28},"end":{"line":21,"column":null}},{"start":{"line":21,"column":28},"end":{"line":21,"column":41}}]},"2":{"loc":{"start":{"line":53,"column":76},"end":{"line":53,"column":null}},"type":"cond-expr","locations":[{"start":{"line":53,"column":89},"end":{"line":53,"column":null}},{"start":{"line":53,"column":89},"end":{"line":53,"column":null}}]},"3":{"loc":{"start":{"line":53,"column":76},"end":{"line":53,"column":89}},"type":"binary-expr","locations":[{"start":{"line":53,"column":76},"end":{"line":53,"column":null}},{"start":{"line":53,"column":76},"end":{"line":53,"column":89}}]},"4":{"loc":{"start":{"line":15,"column":45},"end":{"line":15,"column":59}},"type":"cond-expr","locations":[{"start":{"line":15,"column":56},"end":{"line":15,"column":59}},{"start":{"line":15,"column":56},"end":{"line":15,"column":59}}]},"5":{"loc":{"start":{"line":15,"column":45},"end":{"line":15,"column":56}},"type":"binary-expr","locations":[{"start":{"line":15,"column":45},"end":{"line":15,"column":59}},{"start":{"line":15,"column":45},"end":{"line":15,"column":56}}]}},"s":{"0":1,"1":1,"2":1,"3":1,"4":1,"5":1,"6":1,"7":1,"8":1,"9":3,"10":1,"11":1,"12":0,"13":0,"14":0,"15":0,"16":1,"17":1,"18":1,"19":1,"20":1,"21":1,"22":1,"23":1},"f":{"0":3,"1":1,"2":1,"3":0,"4":0,"5":0,"6":0},"b":{"0":[1,0],"1":[1,1],"2":[1,0],"3":[1,1],"4":[1,0],"5":[1,1]}}
,"C:\\Users\\USER\\Desktop\\E-commerce-Riwi-SportsLine\\riwi-sportsline\\src\\user\\user.service.ts": {"path":"C:\\Users\\USER\\Desktop\\E-commerce-Riwi-SportsLine\\riwi-sportsline\\src\\user\\user.service.ts","statementMap":{"0":{"start":{"line":1,"column":0},"end":{"line":1,"column":63}},"1":{"start":{"line":4,"column":0},"end":{"line":4,"column":51}},"2":{"start":{"line":5,"column":0},"end":{"line":5,"column":46}},"3":{"start":{"line":6,"column":0},"end":{"line":6,"column":41}},"4":{"start":{"line":7,"column":0},"end":{"line":7,"column":53}},"5":{"start":{"line":8,"column":0},"end":{"line":8,"column":33}},"6":{"start":{"line":11,"column":7},"end":{"line":85,"column":null}},"7":{"start":{"line":13,"column":45},"end":{"line":13,"column":55}},"8":{"start":{"line":14,"column":45},"end":{"line":14,"column":55}},"9":{"start":{"line":18,"column":17},"end":{"line":18,"column":81}},"10":{"start":{"line":19,"column":4},"end":{"line":19,"column":63}},"11":{"start":{"line":19,"column":14},"end":{"line":19,"column":63}},"12":{"start":{"line":21,"column":27},"end":{"line":21,"column":72}},"13":{"start":{"line":23,"column":17},"end":{"line":28,"column":6}},"14":{"start":{"line":30,"column":4},"end":{"line":30,"column":36}},"15":{"start":{"line":34,"column":4},"end":{"line":34,"column":32}},"16":{"start":{"line":38,"column":15},"end":{"line":38,"column":52}},"17":{"start":{"line":39,"column":2},"end":{"line":41,"column":3}},"18":{"start":{"line":40,"column":4},"end":{"line":40,"column":57}},"19":{"start":{"line":42,"column":2},"end":{"line":42,"column":14}},"20":{"start":{"line":46,"column":4},"end":{"line":48,"column":5}},"21":{"start":{"line":47,"column":6},"end":{"line":47,"column":null}},"22":{"start":{"line":49,"column":4},"end":{"line":49,"column":50}},"23":{"start":{"line":50,"column":4},"end":{"line":50,"column":28}},"24":{"start":{"line":54,"column":17},"end":{"line":54,"column":52}},"25":{"start":{"line":55,"column":4},"end":{"line":57,"column":5}},"26":{"start":{"line":56,"column":6},"end":{"line":56,"column":59}},"27":{"start":{"line":58,"column":4},"end":{"line":58,"column":37}},"28":{"start":{"line":62,"column":17},"end":{"line":62,"column":62}},"29":{"start":{"line":63,"column":4},"end":{"line":65,"column":5}},"30":{"start":{"line":64,"column":6},"end":{"line":64,"column":null}},"31":{"start":{"line":66,"column":4},"end":{"line":66,"column":16}},"32":{"start":{"line":70,"column":24},"end":{"line":70,"column":80}},"33":{"start":{"line":72,"column":4},"end":{"line":74,"column":5}},"34":{"start":{"line":73,"column":6},"end":{"line":73,"column":null}},"35":{"start":{"line":76,"column":17},"end":{"line":81,"column":6}},"36":{"start":{"line":83,"column":4},"end":{"line":83,"column":36}},"37":{"start":{"line":11,"column":13},"end":{"line":11,"column":24}},"38":{"start":{"line":11,"column":13},"end":{"line":85,"column":null}}},"fnMap":{"0":{"name":"(anonymous_13)","decl":{"start":{"line":12,"column":2},"end":{"line":12,"column":null}},"loc":{"start":{"line":14,"column":71},"end":{"line":15,"column":6}}},"1":{"name":"(anonymous_14)","decl":{"start":{"line":17,"column":2},"end":{"line":17,"column":7}},"loc":{"start":{"line":17,"column":43},"end":{"line":31,"column":3}}},"2":{"name":"(anonymous_15)","decl":{"start":{"line":33,"column":2},"end":{"line":33,"column":7}},"loc":{"start":{"line":33,"column":15},"end":{"line":35,"column":3}}},"3":{"name":"(anonymous_16)","decl":{"start":{"line":37,"column":2},"end":{"line":37,"column":7}},"loc":{"start":{"line":37,"column":26},"end":{"line":43,"column":1}}},"4":{"name":"(anonymous_17)","decl":{"start":{"line":45,"column":2},"end":{"line":45,"column":7}},"loc":{"start":{"line":45,"column":55},"end":{"line":51,"column":3}}},"5":{"name":"(anonymous_18)","decl":{"start":{"line":53,"column":2},"end":{"line":53,"column":7}},"loc":{"start":{"line":53,"column":25},"end":{"line":59,"column":3}}},"6":{"name":"(anonymous_19)","decl":{"start":{"line":61,"column":2},"end":{"line":61,"column":7}},"loc":{"start":{"line":61,"column":32},"end":{"line":67,"column":3}}},"7":{"name":"(anonymous_20)","decl":{"start":{"line":69,"column":2},"end":{"line":69,"column":7}},"loc":{"start":{"line":69,"column":52},"end":{"line":84,"column":3}}}},"branchMap":{"0":{"loc":{"start":{"line":19,"column":4},"end":{"line":19,"column":63}},"type":"if","locations":[{"start":{"line":19,"column":4},"end":{"line":19,"column":63}},{"start":{},"end":{}}]},"1":{"loc":{"start":{"line":39,"column":2},"end":{"line":41,"column":3}},"type":"if","locations":[{"start":{"line":39,"column":2},"end":{"line":41,"column":3}},{"start":{},"end":{}}]},"2":{"loc":{"start":{"line":46,"column":4},"end":{"line":48,"column":5}},"type":"if","locations":[{"start":{"line":46,"column":4},"end":{"line":48,"column":5}},{"start":{},"end":{}}]},"3":{"loc":{"start":{"line":55,"column":4},"end":{"line":57,"column":5}},"type":"if","locations":[{"start":{"line":55,"column":4},"end":{"line":57,"column":5}},{"start":{},"end":{}}]},"4":{"loc":{"start":{"line":63,"column":4},"end":{"line":65,"column":5}},"type":"if","locations":[{"start":{"line":63,"column":4},"end":{"line":65,"column":5}},{"start":{},"end":{}}]},"5":{"loc":{"start":{"line":72,"column":4},"end":{"line":74,"column":5}},"type":"if","locations":[{"start":{"line":72,"column":4},"end":{"line":74,"column":5}},{"start":{},"end":{}}]},"6":{"loc":{"start":{"line":13,"column":55},"end":{"line":13,"column":71}},"type":"cond-expr","locations":[{"start":{"line":13,"column":65},"end":{"line":13,"column":71}},{"start":{"line":13,"column":65},"end":{"line":13,"column":71}}]},"7":{"loc":{"start":{"line":13,"column":55},"end":{"line":13,"column":65}},"type":"binary-expr","locations":[{"start":{"line":13,"column":55},"end":{"line":13,"column":71}},{"start":{"line":13,"column":55},"end":{"line":13,"column":65}}]},"8":{"loc":{"start":{"line":13,"column":65},"end":{"line":14,"column":71}},"type":"cond-expr","locations":[{"start":{"line":14,"column":65},"end":{"line":14,"column":71}},{"start":{"line":14,"column":65},"end":{"line":14,"column":71}}]},"9":{"loc":{"start":{"line":13,"column":65},"end":{"line":14,"column":65}},"type":"binary-expr","locations":[{"start":{"line":13,"column":65},"end":{"line":14,"column":71}},{"start":{"line":14,"column":55},"end":{"line":14,"column":65}}]}},"s":{"0":4,"1":4,"2":4,"3":4,"4":4,"5":4,"6":4,"7":7,"8":7,"9":2,"10":2,"11":1,"12":1,"13":1,"14":1,"15":1,"16":2,"17":2,"18":2,"19":0,"20":1,"21":0,"22":1,"23":1,"24":1,"25":1,"26":1,"27":0,"28":0,"29":0,"30":0,"31":0,"32":0,"33":0,"34":0,"35":0,"36":0,"37":4,"38":4},"f":{"0":7,"1":2,"2":1,"3":2,"4":1,"5":1,"6":0,"7":0},"b":{"0":[1,1],"1":[2,0],"2":[0,1],"3":[1,0],"4":[0,0],"5":[0,0],"6":[4,0],"7":[4,4],"8":[4,0],"9":[4,4]}}
,"C:\\Users\\USER\\Desktop\\E-commerce-Riwi-SportsLine\\riwi-sportsline\\src\\user\\dto\\create-user.dto.ts": {"path":"C:\\Users\\USER\\Desktop\\E-commerce-Riwi-SportsLine\\riwi-sportsline\\src\\user\\dto\\create-user.dto.ts","statementMap":{"0":{"start":{"line":1,"column":0},"end":{"line":1,"column":83}},"1":{"start":{"line":2,"column":0},"end":{"line":2,"column":46}},"2":{"start":{"line":4,"column":0},"end":{"line":4,"column":13}},"3":{"start":{"line":10,"column":4},"end":{"line":10,"column":null}},"4":{"start":{"line":17,"column":4},"end":{"line":17,"column":null}},"5":{"start":{"line":24,"column":4},"end":{"line":24,"column":null}},"6":{"start":{"line":31,"column":4},"end":{"line":31,"column":null}}},"fnMap":{},"branchMap":{},"s":{"0":1,"1":1,"2":1,"3":1,"4":1,"5":1,"6":1},"f":{},"b":{}}
,"C:\\Users\\USER\\Desktop\\E-commerce-Riwi-SportsLine\\riwi-sportsline\\src\\user\\dto\\update-user.dto.ts": {"path":"C:\\Users\\USER\\Desktop\\E-commerce-Riwi-SportsLine\\riwi-sportsline\\src\\user\\dto\\update-user.dto.ts","statementMap":{"0":{"start":{"line":1,"column":0},"end":{"line":1,"column":51}},"1":{"start":{"line":2,"column":0},"end":{"line":2,"column":50}},"2":{"start":{"line":3,"column":0},"end":{"line":3,"column":55}},"3":{"start":{"line":5,"column":0},"end":{"line":5,"column":13}},"4":{"start":{"line":8,"column":2},"end":{"line":8,"column":null}}},"fnMap":{},"branchMap":{},"s":{"0":1,"1":1,"2":1,"3":1,"4":1},"f":{},"b":{}}
,"C:\\Users\\USER\\Desktop\\E-commerce-Riwi-SportsLine\\riwi-sportsline\\src\\user\\entities\\user.entity.ts": {"path":"C:\\Users\\USER\\Desktop\\E-commerce-Riwi-SportsLine\\riwi-sportsline\\src\\user\\entities\\user.entity.ts","statementMap":{"0":{"start":{"line":1,"column":0},"end":{"line":1,"column":56}},"1":{"start":{"line":2,"column":0},"end":{"line":2,"column":58}},"2":{"start":{"line":3,"column":0},"end":{"line":3,"column":87}},"3":{"start":{"line":5,"column":0},"end":{"line":5,"column":null}},"4":{"start":{"line":6,"column":2},"end":{"line":6,"column":null}},"5":{"start":{"line":7,"column":2},"end":{"line":7,"column":null}},"6":{"start":{"line":11,"column":7},"end":{"line":29,"column":null}},"7":{"start":{"line":11,"column":13},"end":{"line":11,"column":17}},"8":{"start":{"line":13,"column":2},"end":{"line":13,"column":null}},"9":{"start":{"line":16,"column":2},"end":{"line":16,"column":null}},"10":{"start":{"line":19,"column":2},"end":{"line":19,"column":null}},"11":{"start":{"line":22,"column":2},"end":{"line":22,"column":null}},"12":{"start":{"line":25,"column":2},"end":{"line":25,"column":null}},"13":{"start":{"line":24,"column":19},"end":{"line":24,"column":23}},"14":{"start":{"line":24,"column":35},"end":{"line":24,"column":45}},"15":{"start":{"line":28,"column":2},"end":{"line":28,"column":null}},"16":{"start":{"line":27,"column":19},"end":{"line":27,"column":24}},"17":{"start":{"line":27,"column":37},"end":{"line":27,"column":47}},"18":{"start":{"line":11,"column":13},"end":{"line":29,"column":null}}},"fnMap":{"0":{"name":"(anonymous_2)","decl":{"start":{"line":5,"column":0},"end":{"line":5,"column":12}},"loc":{"start":{"line":5,"column":20},"end":{"line":8,"column":1}}},"1":{"name":"(anonymous_3)","decl":{"start":{"line":24,"column":13},"end":{"line":24,"column":16}},"loc":{"start":{"line":24,"column":19},"end":{"line":24,"column":23}}},"2":{"name":"(anonymous_4)","decl":{"start":{"line":24,"column":25},"end":{"line":24,"column":26}},"loc":{"start":{"line":24,"column":35},"end":{"line":24,"column":45}}},"3":{"name":"(anonymous_5)","decl":{"start":{"line":27,"column":13},"end":{"line":27,"column":16}},"loc":{"start":{"line":27,"column":19},"end":{"line":27,"column":24}}},"4":{"name":"(anonymous_6)","decl":{"start":{"line":27,"column":26},"end":{"line":27,"column":27}},"loc":{"start":{"line":27,"column":37},"end":{"line":27,"column":47}}}},"branchMap":{"0":{"loc":{"start":{"line":5,"column":12},"end":{"line":5,"column":null}},"type":"binary-expr","locations":[{"start":{"line":5,"column":12},"end":{"line":5,"column":20}},{"start":{"line":5,"column":20},"end":{"line":5,"column":null}}]},"1":{"loc":{"start":{"line":25,"column":7},"end":{"line":25,"column":12}},"type":"cond-expr","locations":[{"start":{"line":25,"column":11},"end":{"line":25,"column":12}},{"start":{"line":25,"column":11},"end":{"line":25,"column":12}}]},"2":{"loc":{"start":{"line":25,"column":7},"end":{"line":25,"column":11}},"type":"binary-expr","locations":[{"start":{"line":25,"column":7},"end":{"line":25,"column":12}},{"start":{"line":25,"column":7},"end":{"line":25,"column":11}}]}},"s":{"0":12,"1":12,"2":12,"3":12,"4":12,"5":12,"6":12,"7":12,"8":12,"9":12,"10":12,"11":12,"12":12,"13":0,"14":0,"15":12,"16":0,"17":0,"18":12},"f":{"0":12,"1":0,"2":0,"3":0,"4":0},"b":{"0":[12,12],"1":[12,0],"2":[12,12]}}
}
