TN:
SF:src\app.controller.ts
FN:6,(anonymous_2)
FN:9,(anonymous_3)
FNF:2
FNH:2
FNDA:1,(anonymous_2)
FNDA:1,(anonymous_3)
DA:1,1
DA:2,1
DA:5,1
DA:6,1
DA:9,1
DA:10,1
LF:6
LH:6
BRDA:6,0,0,1
BRDA:6,0,1,0
BRDA:6,1,0,1
BRDA:6,1,1,1
BRF:4
BRH:3
end_of_record
TN:
SF:src\app.service.ts
FN:5,(anonymous_1)
FNF:1
FNH:1
FNDA:1,(anonymous_1)
DA:1,1
DA:4,1
DA:6,1
LF:3
LH:3
BRF:0
BRH:0
end_of_record
TN:
SF:src\auth\auth.controller.ts
FN:12,(anonymous_4)
FN:18,(anonymous_5)
FN:25,(anonymous_6)
FN:44,(anonymous_7)
FN:62,(anonymous_8)
FN:73,(anonymous_9)
FNF:6
FNH:5
FNDA:5,(anonymous_4)
FNDA:0,(anonymous_5)
FNDA:1,(anonymous_6)
FNDA:1,(anonymous_7)
FNDA:1,(anonymous_8)
FNDA:1,(anonymous_9)
DA:1,1
DA:2,1
DA:3,1
DA:4,1
DA:6,1
DA:7,1
DA:11,1
DA:12,5
DA:18,1
DA:25,1
DA:26,1
DA:27,1
DA:28,1
DA:30,1
DA:38,1
DA:44,1
DA:45,1
DA:46,1
DA:48,1
DA:56,1
DA:62,1
DA:63,1
DA:64,1
DA:65,0
DA:67,1
DA:73,1
DA:74,1
DA:81,1
LF:28
LH:27
BRDA:33,0,0,0
BRDA:33,0,1,1
BRDA:51,1,0,0
BRDA:51,1,1,1
BRDA:64,2,0,0
BRDA:64,2,1,1
BRDA:44,3,0,1
BRDA:44,3,1,0
BRDA:44,4,0,1
BRDA:44,4,1,1
BRDA:12,5,0,1
BRDA:12,5,1,0
BRDA:12,6,0,1
BRDA:12,6,1,1
BRF:14
BRH:9
end_of_record
TN:
SF:src\auth\auth.service.ts
FN:9,(anonymous_11)
FN:14,(anonymous_12)
FN:22,(anonymous_13)
FN:40,(anonymous_14)
FN:58,(anonymous_15)
FNF:5
FNH:4
FNDA:5,(anonymous_11)
FNDA:4,(anonymous_12)
FNDA:2,(anonymous_13)
FNDA:1,(anonymous_14)
FNDA:0,(anonymous_15)
DA:1,2
DA:2,2
DA:3,2
DA:4,2
DA:8,2
DA:10,5
DA:11,5
DA:15,4
DA:16,4
DA:18,3
DA:19,3
DA:23,2
DA:24,2
DA:26,1
DA:28,1
DA:32,1
DA:37,1
DA:41,1
DA:42,1
DA:43,1
DA:45,1
DA:47,1
DA:52,1
DA:54,0
DA:60,0
DA:61,0
DA:63,0
DA:66,0
DA:68,0
DA:72,0
DA:77,0
LF:31
LH:23
BRDA:16,0,0,1
BRDA:16,0,1,3
BRDA:19,1,0,2
BRDA:19,1,1,1
BRDA:24,2,0,1
BRDA:24,2,1,1
BRDA:45,3,0,0
BRDA:45,3,1,1
BRDA:10,4,0,2
BRDA:10,4,1,0
BRDA:10,5,0,2
BRDA:10,5,1,2
BRDA:10,6,0,2
BRDA:10,6,1,0
BRDA:10,7,0,2
BRDA:10,7,1,2
BRF:16
BRH:13
end_of_record
TN:
SF:src\auth\dto\login.dto.ts
FNF:0
FNH:0
DA:1,1
DA:2,1
DA:4,1
DA:7,1
DA:12,1
LF:5
LH:5
BRF:0
BRH:0
end_of_record
TN:
SF:src\auth\guards\jwt-auth.guard.ts
FN:7,(anonymous_2)
FN:11,(anonymous_3)
FNF:2
FNH:1
FNDA:15,(anonymous_2)
FNDA:0,(anonymous_3)
DA:1,5
DA:2,5
DA:3,5
DA:6,5
DA:7,15
DA:8,15
DA:12,0
DA:13,0
DA:14,0
LF:9
LH:6
BRDA:13,0,0,0
BRDA:13,0,1,0
BRDA:7,1,0,5
BRDA:7,1,1,0
BRDA:7,2,0,5
BRDA:7,2,1,5
BRF:6
BRH:3
end_of_record
TN:
SF:src\auth\guards\roles.guard.ts
FN:7,(anonymous_2)
FN:9,(anonymous_3)
FN:19,(anonymous_4)
FNF:3
FNH:1
FNDA:15,(anonymous_2)
FNDA:0,(anonymous_3)
FNDA:0,(anonymous_4)
DA:1,5
DA:2,5
DA:3,5
DA:6,5
DA:7,15
DA:10,0
DA:15,0
DA:17,0
DA:19,0
DA:21,0
DA:23,0
LF:11
LH:5
BRDA:15,0,0,0
BRDA:15,0,1,0
BRDA:21,1,0,0
BRDA:21,1,1,0
BRDA:7,2,0,5
BRDA:7,2,1,0
BRDA:7,3,0,5
BRDA:7,3,1,5
BRF:8
BRH:3
end_of_record
TN:
SF:src\client\client.controller.ts
FN:15,(anonymous_4)
FN:23,(anonymous_5)
FN:33,(anonymous_6)
FN:44,(anonymous_7)
FN:55,(anonymous_8)
FN:66,(anonymous_9)
FNF:6
FNH:3
FNDA:3,(anonymous_4)
FNDA:1,(anonymous_5)
FNDA:1,(anonymous_6)
FNDA:0,(anonymous_7)
FNDA:0,(anonymous_8)
FNDA:0,(anonymous_9)
DA:1,1
DA:2,1
DA:3,1
DA:4,1
DA:5,1
DA:6,1
DA:7,1
DA:8,1
DA:14,1
DA:15,3
DA:23,1
DA:24,1
DA:33,1
DA:34,1
DA:44,1
DA:45,0
DA:55,1
DA:56,0
DA:66,1
DA:67,0
LF:20
LH:17
BRDA:23,0,0,1
BRDA:23,0,1,0
BRDA:23,1,0,1
BRDA:23,1,1,1
BRDA:55,2,0,1
BRDA:55,2,1,0
BRDA:55,3,0,1
BRDA:55,3,1,1
BRDA:15,4,0,1
BRDA:15,4,1,0
BRDA:15,5,0,1
BRDA:15,5,1,1
BRF:12
BRH:9
end_of_record
TN:
SF:src\client\client.service.ts
FN:10,(anonymous_4)
FN:15,(anonymous_5)
FN:20,(anonymous_6)
FN:24,(anonymous_7)
FN:32,(anonymous_8)
FN:41,(anonymous_9)
FNF:6
FNH:2
FNDA:2,(anonymous_4)
FNDA:1,(anonymous_5)
FNDA:0,(anonymous_6)
FNDA:0,(anonymous_7)
FNDA:0,(anonymous_8)
FNDA:0,(anonymous_9)
DA:1,2
DA:2,2
DA:3,2
DA:4,2
DA:9,2
DA:12,2
DA:16,1
DA:17,1
DA:21,0
DA:25,0
DA:26,0
DA:27,0
DA:29,0
DA:33,0
DA:34,0
DA:35,0
DA:37,0
DA:38,0
DA:42,0
DA:43,0
DA:44,0
DA:46,0
LF:22
LH:8
BRDA:26,0,0,0
BRDA:26,0,1,0
BRDA:34,1,0,0
BRDA:34,1,1,0
BRDA:43,2,0,0
BRDA:43,2,1,0
BRDA:12,3,0,2
BRDA:12,3,1,0
BRDA:12,4,0,2
BRDA:12,4,1,2
BRF:10
BRH:3
end_of_record
TN:
SF:src\client\dto\create-client.dto.ts
FNF:0
FNH:0
DA:1,1
DA:3,1
DA:6,1
DA:9,1
DA:13,1
LF:5
LH:5
BRF:0
BRH:0
end_of_record
TN:
SF:src\client\dto\update-client.dto.ts
FNF:0
FNH:0
DA:1,1
DA:2,1
DA:3,1
DA:5,1
DA:8,1
DA:12,1
DA:16,1
LF:7
LH:7
BRF:0
BRH:0
end_of_record
TN:
SF:src\client\entities\client.entity.ts
FN:18,(anonymous_2)
FN:18,(anonymous_3)
FNF:2
FNH:0
FNDA:0,(anonymous_2)
FNDA:0,(anonymous_3)
DA:1,12
DA:2,12
DA:5,12
DA:7,12
DA:10,12
DA:13,12
DA:16,12
DA:18,0
DA:19,12
LF:9
LH:8
BRF:0
BRH:0
end_of_record
TN:
SF:src\common\decorators\public.decorator.ts
FN:3,(anonymous_0)
FNF:1
FNH:1
FNDA:5,(anonymous_0)
DA:1,1
DA:3,5
LF:2
LH:2
BRF:0
BRH:0
end_of_record
TN:
SF:src\common\decorators\roles.decorator.ts
FN:4,(anonymous_0)
FNF:1
FNH:1
FNDA:26,(anonymous_0)
DA:1,5
DA:3,5
DA:4,26
LF:3
LH:3
BRF:0
BRH:0
end_of_record
TN:
SF:src\order\order.controller.ts
FN:15,(anonymous_4)
FN:23,(anonymous_5)
FN:33,(anonymous_6)
FN:44,(anonymous_7)
FN:55,(anonymous_8)
FN:67,(anonymous_9)
FNF:6
FNH:3
FNDA:3,(anonymous_4)
FNDA:1,(anonymous_5)
FNDA:1,(anonymous_6)
FNDA:0,(anonymous_7)
FNDA:0,(anonymous_8)
FNDA:0,(anonymous_9)
DA:1,1
DA:2,1
DA:3,1
DA:4,1
DA:5,1
DA:6,1
DA:7,1
DA:8,1
DA:14,1
DA:15,3
DA:23,1
DA:24,1
DA:33,1
DA:34,1
DA:44,1
DA:45,0
DA:55,1
DA:56,0
DA:67,1
DA:68,0
LF:20
LH:17
BRDA:23,0,0,1
BRDA:23,0,1,0
BRDA:23,1,0,1
BRDA:23,1,1,1
BRDA:55,2,0,1
BRDA:55,2,1,0
BRDA:55,3,0,1
BRDA:55,3,1,1
BRDA:15,4,0,1
BRDA:15,4,1,0
BRDA:15,5,0,1
BRDA:15,5,1,1
BRF:12
BRH:9
end_of_record
TN:
SF:src\order\order.service.ts
FN:10,(anonymous_4)
FN:15,(anonymous_5)
FN:20,(anonymous_6)
FN:26,(anonymous_7)
FN:38,(anonymous_8)
FN:47,(anonymous_9)
FNF:6
FNH:3
FNDA:3,(anonymous_4)
FNDA:1,(anonymous_5)
FNDA:1,(anonymous_6)
FNDA:0,(anonymous_7)
FNDA:0,(anonymous_8)
FNDA:0,(anonymous_9)
DA:1,2
DA:2,2
DA:3,2
DA:4,2
DA:9,2
DA:12,3
DA:16,1
DA:17,1
DA:21,1
DA:27,0
DA:31,0
DA:32,0
DA:34,0
DA:39,0
DA:40,0
DA:41,0
DA:43,0
DA:44,0
DA:48,0
DA:49,0
DA:50,0
DA:52,0
LF:22
LH:9
BRDA:31,0,0,0
BRDA:31,0,1,0
BRDA:40,1,0,0
BRDA:40,1,1,0
BRDA:49,2,0,0
BRDA:49,2,1,0
BRDA:12,3,0,2
BRDA:12,3,1,0
BRDA:12,4,0,2
BRDA:12,4,1,2
BRF:10
BRH:3
end_of_record
TN:
SF:src\order\dto\create-order.dto.ts
FN:3,(anonymous_2)
FNF:1
FNH:1
FNDA:1,(anonymous_2)
DA:1,1
DA:3,1
DA:4,1
DA:5,1
DA:6,1
DA:9,1
DA:11,1
DA:14,1
DA:17,1
DA:20,1
DA:23,1
LF:11
LH:11
BRDA:3,0,0,1
BRDA:3,0,1,1
BRDA:23,1,0,1
BRDA:23,1,1,0
BRDA:23,2,0,1
BRDA:23,2,1,1
BRF:6
BRH:5
end_of_record
TN:
SF:src\order\dto\update-order.dto.ts
FNF:0
FNH:0
DA:1,1
DA:2,1
DA:3,1
DA:4,1
DA:6,1
DA:9,1
LF:6
LH:6
BRDA:9,0,0,0
BRDA:9,0,1,1
BRDA:9,1,0,1
BRDA:9,1,1,1
BRF:4
BRH:3
end_of_record
TN:
SF:src\order\entities\order.entity.ts
FN:11,(anonymous_2)
FN:11,(anonymous_3)
FN:15,(anonymous_4)
FN:15,(anonymous_5)
FN:19,(anonymous_6)
FN:19,(anonymous_7)
FNF:6
FNH:0
FNDA:0,(anonymous_2)
FNDA:0,(anonymous_3)
FNDA:0,(anonymous_4)
FNDA:0,(anonymous_5)
FNDA:0,(anonymous_6)
FNDA:0,(anonymous_7)
DA:1,12
DA:2,12
DA:3,12
DA:4,12
DA:7,12
DA:9,12
DA:11,0
DA:13,12
DA:15,0
DA:17,12
DA:19,0
DA:20,12
DA:23,12
DA:26,12
DA:29,12
LF:15
LH:12
BRDA:13,0,0,10
BRDA:13,0,1,2
BRDA:13,1,0,12
BRDA:13,1,1,10
BRDA:17,2,0,8
BRDA:17,2,1,4
BRDA:17,3,0,12
BRDA:17,3,1,8
BRDA:29,4,0,12
BRDA:29,4,1,0
BRDA:29,5,0,12
BRDA:29,5,1,12
BRF:12
BRH:11
end_of_record
TN:
SF:src\order_item\order_item.controller.ts
FN:15,(anonymous_4)
FN:23,(anonymous_5)
FN:33,(anonymous_6)
FN:44,(anonymous_7)
FN:55,(anonymous_8)
FN:67,(anonymous_9)
FNF:6
FNH:3
FNDA:3,(anonymous_4)
FNDA:1,(anonymous_5)
FNDA:1,(anonymous_6)
FNDA:0,(anonymous_7)
FNDA:0,(anonymous_8)
FNDA:0,(anonymous_9)
DA:1,1
DA:2,1
DA:3,1
DA:4,1
DA:5,1
DA:6,1
DA:7,1
DA:8,1
DA:14,1
DA:15,3
DA:23,1
DA:24,1
DA:33,1
DA:34,1
DA:44,1
DA:45,0
DA:55,1
DA:56,0
DA:67,1
DA:68,0
LF:20
LH:17
BRDA:23,0,0,1
BRDA:23,0,1,0
BRDA:23,1,0,1
BRDA:23,1,1,1
BRDA:55,2,0,1
BRDA:55,2,1,0
BRDA:55,3,0,1
BRDA:55,3,1,1
BRDA:15,4,0,1
BRDA:15,4,1,0
BRDA:15,5,0,1
BRDA:15,5,1,1
BRF:12
BRH:9
end_of_record
TN:
SF:src\order_item\order_item.service.ts
FN:10,(anonymous_4)
FN:15,(anonymous_5)
FN:20,(anonymous_6)
FN:26,(anonymous_7)
FN:37,(anonymous_8)
FN:43,(anonymous_9)
FNF:6
FNH:2
FNDA:2,(anonymous_4)
FNDA:1,(anonymous_5)
FNDA:0,(anonymous_6)
FNDA:0,(anonymous_7)
FNDA:0,(anonymous_8)
FNDA:0,(anonymous_9)
DA:1,2
DA:2,2
DA:3,2
DA:4,2
DA:9,2
DA:12,2
DA:16,1
DA:17,1
DA:21,0
DA:27,0
DA:31,0
DA:32,0
DA:34,0
DA:38,0
DA:39,0
DA:40,0
DA:44,0
DA:45,0
LF:18
LH:8
BRDA:31,0,0,0
BRDA:31,0,1,0
BRDA:12,1,0,2
BRDA:12,1,1,0
BRDA:12,2,0,2
BRDA:12,2,1,2
BRF:6
BRH:3
end_of_record
TN:
SF:src\order_item\dto\create-order_item.dto.ts
FNF:0
FNH:0
DA:1,1
DA:3,1
DA:6,1
DA:10,1
DA:13,1
DA:16,1
LF:6
LH:6
BRF:0
BRH:0
end_of_record
TN:
SF:src\order_item\dto\update-order_item.dto.ts
FNF:0
FNH:0
DA:1,1
DA:2,1
DA:3,1
DA:5,1
DA:9,1
DA:14,1
LF:6
LH:6
BRF:0
BRH:0
end_of_record
TN:
SF:src\order_item\entities\order_item.entity.ts
FN:10,(anonymous_2)
FN:10,(anonymous_3)
FN:13,(anonymous_4)
FNF:3
FNH:0
FNDA:0,(anonymous_2)
FNDA:0,(anonymous_3)
FNDA:0,(anonymous_4)
DA:1,12
DA:2,12
DA:3,12
DA:6,12
DA:8,12
DA:10,0
DA:11,12
DA:13,0
DA:14,12
DA:17,12
DA:20,12
LF:11
LH:9
BRDA:11,0,0,4
BRDA:11,0,1,8
BRDA:11,1,0,12
BRDA:11,1,1,4
BRDA:14,2,0,10
BRDA:14,2,1,2
BRDA:14,3,0,12
BRDA:14,3,1,10
BRF:8
BRH:8
end_of_record
TN:
SF:src\product\product.controller.ts
FN:15,(anonymous_4)
FN:23,(anonymous_5)
FN:33,(anonymous_6)
FN:44,(anonymous_7)
FN:55,(anonymous_8)
FN:67,(anonymous_9)
FNF:6
FNH:3
FNDA:3,(anonymous_4)
FNDA:1,(anonymous_5)
FNDA:1,(anonymous_6)
FNDA:0,(anonymous_7)
FNDA:0,(anonymous_8)
FNDA:0,(anonymous_9)
DA:1,1
DA:2,1
DA:3,1
DA:4,1
DA:5,1
DA:6,1
DA:7,1
DA:8,1
DA:14,1
DA:15,3
DA:23,1
DA:24,1
DA:33,1
DA:34,1
DA:44,1
DA:45,0
DA:55,1
DA:56,0
DA:67,1
DA:68,0
LF:20
LH:17
BRDA:23,0,0,1
BRDA:23,0,1,0
BRDA:23,1,0,1
BRDA:23,1,1,1
BRDA:55,2,0,1
BRDA:55,2,1,0
BRDA:55,3,0,1
BRDA:55,3,1,1
BRDA:15,4,0,1
BRDA:15,4,1,0
BRDA:15,5,0,1
BRDA:15,5,1,1
BRF:12
BRH:9
end_of_record
TN:
SF:src\product\product.service.ts
FN:10,(anonymous_4)
FN:15,(anonymous_5)
FN:20,(anonymous_6)
FN:24,(anonymous_7)
FN:32,(anonymous_8)
FN:38,(anonymous_9)
FNF:6
FNH:3
FNDA:3,(anonymous_4)
FNDA:1,(anonymous_5)
FNDA:1,(anonymous_6)
FNDA:0,(anonymous_7)
FNDA:0,(anonymous_8)
FNDA:0,(anonymous_9)
DA:1,2
DA:4,2
DA:5,2
DA:6,2
DA:9,2
DA:12,3
DA:16,1
DA:17,1
DA:21,1
DA:25,0
DA:26,0
DA:27,0
DA:29,0
DA:33,0
DA:34,0
DA:35,0
DA:39,0
DA:40,0
DA:41,0
DA:43,0
LF:20
LH:9
BRDA:26,0,0,0
BRDA:26,0,1,0
BRDA:40,1,0,0
BRDA:40,1,1,0
BRDA:12,2,0,2
BRDA:12,2,1,0
BRDA:12,3,0,2
BRDA:12,3,1,2
BRF:8
BRH:3
end_of_record
TN:
SF:src\product\dto\create-product.dto.ts
FNF:0
FNH:0
DA:1,1
DA:3,1
DA:6,1
DA:10,1
DA:14,1
DA:18,1
DA:22,1
LF:7
LH:7
BRF:0
BRH:0
end_of_record
TN:
SF:src\product\dto\update-product.dto.ts
FNF:0
FNH:0
DA:1,1
DA:2,1
DA:3,1
DA:5,1
DA:9,1
DA:14,1
LF:6
LH:6
BRF:0
BRH:0
end_of_record
TN:
SF:src\product\entities\product.entity.ts
FN:24,(anonymous_2)
FN:27,(anonymous_3)
FN:30,(anonymous_4)
FN:30,(anonymous_5)
FNF:4
FNH:0
FNDA:0,(anonymous_2)
FNDA:0,(anonymous_3)
FNDA:0,(anonymous_4)
FNDA:0,(anonymous_5)
DA:1,12
DA:2,12
DA:5,12
DA:7,12
DA:10,12
DA:13,12
DA:16,12
DA:19,12
DA:22,12
DA:24,0
DA:25,12
DA:27,0
DA:28,12
DA:30,0
DA:31,12
LF:15
LH:12
BRDA:25,0,0,12
BRDA:25,0,1,0
BRDA:25,1,0,12
BRDA:25,1,1,12
BRDA:28,2,0,12
BRDA:28,2,1,0
BRDA:28,3,0,12
BRDA:28,3,1,12
BRF:8
BRH:6
end_of_record
TN:
SF:src\roles\entities\role.entity.ts
FN:12,(anonymous_2)
FN:12,(anonymous_3)
FNF:2
FNH:0
FNDA:0,(anonymous_2)
FNDA:0,(anonymous_3)
DA:1,12
DA:2,12
DA:5,12
DA:7,12
DA:10,12
DA:12,0
DA:13,12
LF:7
LH:6
BRF:0
BRH:0
end_of_record
TN:
SF:src\user\user.controller.ts
FN:15,(anonymous_4)
FN:21,(anonymous_5)
FN:29,(anonymous_6)
FN:37,(anonymous_7)
FN:45,(anonymous_8)
FN:53,(anonymous_9)
FN:61,(anonymous_10)
FNF:7
FNH:3
FNDA:3,(anonymous_4)
FNDA:1,(anonymous_5)
FNDA:1,(anonymous_6)
FNDA:0,(anonymous_7)
FNDA:0,(anonymous_8)
FNDA:0,(anonymous_9)
FNDA:0,(anonymous_10)
DA:1,1
DA:2,1
DA:3,1
DA:4,1
DA:5,1
DA:6,1
DA:7,1
DA:8,1
DA:14,1
DA:15,3
DA:21,1
DA:22,1
DA:29,1
DA:30,1
DA:37,1
DA:38,0
DA:45,1
DA:46,0
DA:53,1
DA:54,0
DA:61,1
DA:62,0
LF:22
LH:18
BRDA:21,0,0,1
BRDA:21,0,1,0
BRDA:21,1,0,1
BRDA:21,1,1,1
BRDA:53,2,0,1
BRDA:53,2,1,0
BRDA:53,3,0,1
BRDA:53,3,1,1
BRDA:15,4,0,1
BRDA:15,4,1,0
BRDA:15,5,0,1
BRDA:15,5,1,1
BRF:12
BRH:9
end_of_record
TN:
SF:src\user\user.service.ts
FN:12,(anonymous_13)
FN:17,(anonymous_14)
FN:33,(anonymous_15)
FN:37,(anonymous_16)
FN:45,(anonymous_17)
FN:53,(anonymous_18)
FN:61,(anonymous_19)
FN:69,(anonymous_20)
FNF:8
FNH:6
FNDA:7,(anonymous_13)
FNDA:2,(anonymous_14)
FNDA:1,(anonymous_15)
FNDA:2,(anonymous_16)
FNDA:1,(anonymous_17)
FNDA:1,(anonymous_18)
FNDA:0,(anonymous_19)
FNDA:0,(anonymous_20)
DA:1,4
DA:4,4
DA:5,4
DA:6,4
DA:7,4
DA:8,4
DA:11,4
DA:13,7
DA:14,7
DA:18,2
DA:19,2
DA:21,1
DA:23,1
DA:30,1
DA:34,1
DA:38,2
DA:39,2
DA:40,2
DA:42,0
DA:46,1
DA:47,0
DA:49,1
DA:50,1
DA:54,1
DA:55,1
DA:56,1
DA:58,0
DA:62,0
DA:63,0
DA:64,0
DA:66,0
DA:70,0
DA:72,0
DA:73,0
DA:76,0
DA:83,0
LF:36
LH:24
BRDA:19,0,0,1
BRDA:19,0,1,1
BRDA:39,1,0,2
BRDA:39,1,1,0
BRDA:46,2,0,0
BRDA:46,2,1,1
BRDA:55,3,0,1
BRDA:55,3,1,0
BRDA:63,4,0,0
BRDA:63,4,1,0
BRDA:72,5,0,0
BRDA:72,5,1,0
BRDA:13,6,0,4
BRDA:13,6,1,0
BRDA:13,7,0,4
BRDA:13,7,1,4
BRDA:13,8,0,4
BRDA:13,8,1,0
BRDA:13,9,0,4
BRDA:13,9,1,4
BRF:20
BRH:11
end_of_record
TN:
SF:src\user\dto\create-user.dto.ts
FNF:0
FNH:0
DA:1,1
DA:2,1
DA:4,1
DA:10,1
DA:17,1
DA:24,1
DA:31,1
LF:7
LH:7
BRF:0
BRH:0
end_of_record
TN:
SF:src\user\dto\update-user.dto.ts
FNF:0
FNH:0
DA:1,1
DA:2,1
DA:3,1
DA:5,1
DA:8,1
LF:5
LH:5
BRF:0
BRH:0
end_of_record
TN:
SF:src\user\entities\user.entity.ts
FN:5,(anonymous_2)
FN:24,(anonymous_3)
FN:24,(anonymous_4)
FN:27,(anonymous_5)
FN:27,(anonymous_6)
FNF:5
FNH:1
FNDA:12,(anonymous_2)
FNDA:0,(anonymous_3)
FNDA:0,(anonymous_4)
FNDA:0,(anonymous_5)
FNDA:0,(anonymous_6)
DA:1,12
DA:2,12
DA:3,12
DA:5,12
DA:6,12
DA:7,12
DA:11,12
DA:13,12
DA:16,12
DA:19,12
DA:22,12
DA:24,0
DA:25,12
DA:27,0
DA:28,12
LF:15
LH:13
BRDA:5,0,0,12
BRDA:5,0,1,12
BRDA:25,1,0,12
BRDA:25,1,1,0
BRDA:25,2,0,12
BRDA:25,2,1,12
BRF:6
BRH:5
end_of_record
